number,values_0,values_1,datetime_start,datetime_complete,duration,params_cluster_selection_epsilon,params_min_cluster_size,params_min_dist,params_min_samples,params_n_components,params_n_neighbors,user_attrs_ccc_score,user_attrs_dbcv_score,user_attrs_n_clusters,user_attrs_outlier_ratio,system_attrs_NSGAIISampler:generation,state
0,0.5229477740854445,0.5006954176258589,2025-12-22 19:35:36.852208,2025-12-22 19:35:55.056691,0 days 00:00:18.204483,0.23,28,0.22,17,14,42,0.5229477740854445,0.5006954176258589,13,0.36517412935323385,0,COMPLETE
1,0.0,-0.4558774357934434,2025-12-22 19:35:55.058261,2025-12-22 19:36:05.322750,0 days 00:00:10.264489,0.27,38,0.2,2,2,42,0.0,-0.4558774357934434,2,0.026865671641791045,0,COMPLETE
2,0.0,0.45531165298433485,2025-12-22 19:36:05.324867,2025-12-22 19:36:15.839822,0 days 00:00:10.514955,0.09,21,0.21,17,12,17,0.0,0.45531165298433485,2,0.0,0,COMPLETE
3,0.5541940043320613,0.26108480267696993,2025-12-22 19:36:15.841630,2025-12-22 19:36:25.831557,0 days 00:00:09.989927,0.13,38,0.29,17,3,34,0.5541940043320613,0.26108480267696993,11,0.4243781094527363,0,COMPLETE
4,0.6668327420057855,0.03944930463116496,2025-12-22 19:36:25.833088,2025-12-22 19:36:36.448418,0 days 00:00:10.615330,0.24,44,0.03,2,8,34,0.6668327420057855,0.03944930463116496,12,0.12985074626865672,0,COMPLETE
5,0.5134429566486632,0.2582753228550994,2025-12-22 19:36:36.450362,2025-12-22 19:36:47.126800,0 days 00:00:10.676438,0.12,24,0.26,3,8,33,0.5134429566486632,0.2582753228550994,27,0.27761194029850744,0,COMPLETE
6,0.5919192972647154,0.08251946198557131,2025-12-22 19:36:47.128705,2025-12-22 19:36:56.955335,0 days 00:00:09.826630,0.29,31,0.08,4,3,26,0.5919192972647154,0.08251946198557131,14,0.20597014925373133,0,COMPLETE
7,0.5555764975053009,0.18803082590433004,2025-12-22 19:36:56.957253,2025-12-22 19:37:06.982263,0 days 00:00:10.025010,0.18,31,0.06,5,6,21,0.5555764975053009,0.18803082590433004,16,0.16218905472636816,0,COMPLETE
8,0.6626211970288176,0.055878257341617,2025-12-22 19:37:06.984222,2025-12-22 19:37:18.356259,0 days 00:00:11.372037,0.24,44,0.24,2,15,25,0.6626211970288176,0.055878257341617,11,0.21343283582089553,0,COMPLETE
9,0.5666865672488719,0.1049835412691129,2025-12-22 19:37:18.357658,2025-12-22 19:37:29.311476,0 days 00:00:10.953818,0.06,42,0.18,7,6,49,0.5666865672488719,0.1049835412691129,8,0.2054726368159204,0,COMPLETE
10,0.0,0.38559030011643314,2025-12-22 19:37:29.313207,2025-12-22 19:37:39.509536,0 days 00:00:10.196329,0.17,20,0.06,13,8,18,0.0,0.38559030011643314,2,0.0,0,COMPLETE
11,0.0,0.11339354971686397,2025-12-22 19:37:39.510969,2025-12-22 19:37:50.263911,0 days 00:00:10.752942,0.0,21,0.14,17,5,38,0.0,0.11339354971686397,2,0.007462686567164179,0,COMPLETE
12,0.5618006819037334,0.28930289433046186,2025-12-22 19:37:50.265834,2025-12-22 19:38:00.016769,0 days 00:00:09.750935,0.07,25,0.23,10,5,18,0.5618006819037334,0.28930289433046186,20,0.3358208955223881,0,COMPLETE
13,0.48765767397926174,0.3858392693085851,2025-12-22 19:38:00.018096,2025-12-22 19:38:11.799633,0 days 00:00:11.781537,0.11,5,0.19,2,12,24,0.48765767397926174,0.3858392693085851,124,0.19701492537313434,0,COMPLETE
14,0.5354661691224221,0.5591076901347867,2025-12-22 19:38:11.801317,2025-12-22 19:38:21.645480,0 days 00:00:09.844163,0.08,3,0.21,15,4,24,0.5354661691224221,0.5591076901347867,35,0.4507462686567164,0,COMPLETE
15,0.6042046822811801,0.2830228976724522,2025-12-22 19:38:21.647323,2025-12-22 19:38:32.047667,0 days 00:00:10.400344,0.22,46,0.05,6,3,48,0.6042046822811801,0.2830228976724522,13,0.2865671641791045,0,COMPLETE
16,0.8269448086205721,-0.21283075950423694,2025-12-22 19:38:32.049456,2025-12-22 19:38:42.102865,0 days 00:00:10.053409,0.22,14,0.06,14,2,31,0.8269448086205721,-0.21283075950423694,3,0.0,0,COMPLETE
17,0.5015312935891324,0.36320278545840323,2025-12-22 19:38:42.104841,2025-12-22 19:38:52.305179,0 days 00:00:10.200338,0.26,12,0.23,5,6,23,0.5015312935891324,0.36320278545840323,42,0.32985074626865674,0,COMPLETE
18,0.0,-0.2665048897112595,2025-12-22 19:38:52.307000,2025-12-22 19:39:03.118933,0 days 00:00:10.811933,0.13,21,0.28,10,4,48,0.0,-0.2665048897112595,2,0.0024875621890547263,0,COMPLETE
19,0.7276306510625382,0.3672567615186126,2025-12-22 19:39:03.120363,2025-12-22 19:39:13.029574,0 days 00:00:09.909211,0.11,47,0.2,11,6,22,0.7276306510625382,0.3672567615186126,10,0.3328358208955224,0,COMPLETE
20,0.9962341298325342,-0.5883825625199656,2025-12-22 19:39:13.030997,2025-12-22 19:39:21.633512,0 days 00:00:08.602515,0.03,20,0.26,18,7,3,0.9962341298325342,-0.5883825625199656,3,0.08009950248756219,0,COMPLETE
21,0.0,0.31096901887685197,2025-12-22 19:39:21.635349,2025-12-22 19:39:32.640381,0 days 00:00:11.005032,0.04,23,0.03,17,14,19,0.0,0.31096901887685197,2,0.0,0,COMPLETE
22,0.0,0.39399602700748737,2025-12-22 19:39:32.642191,2025-12-22 19:39:44.000987,0 days 00:00:11.358796,0.24,23,0.12,3,14,25,0.0,0.39399602700748737,2,0.0,0,COMPLETE
23,0.5580071750737543,0.22705969678410032,2025-12-22 19:39:44.002940,2025-12-22 19:39:54.557871,0 days 00:00:10.554931,0.16,27,0.16,7,8,34,0.5580071750737543,0.22705969678410032,17,0.2562189054726368,0,COMPLETE
24,0.6237101683228657,0.4297656211065318,2025-12-22 19:39:54.559487,2025-12-22 19:40:04.253979,0 days 00:00:09.694492,0.05,38,0.09,9,7,14,0.6237101683228657,0.4297656211065318,16,0.30398009950248756,0,COMPLETE
25,0.8269448086205721,0.6198184527308173,2025-12-22 19:40:04.255299,2025-12-22 19:40:14.804033,0 days 00:00:10.548734,0.21,2,0.18,12,11,18,0.8269448086205721,0.6198184527308173,3,0.0,0,COMPLETE
26,0.0,0.3756502150264349,2025-12-22 19:40:14.805373,2025-12-22 19:40:25.001249,0 days 00:00:10.195876,0.1,23,0.13,16,6,19,0.0,0.3756502150264349,2,0.00845771144278607,0,COMPLETE
27,0.0,0.4168959344350563,2025-12-22 19:40:25.002472,2025-12-22 19:40:35.041845,0 days 00:00:10.039373,0.18,22,0.14,18,5,19,0.0,0.4168959344350563,2,0.0,0,COMPLETE
28,0.5241008897737635,0.47644588090134754,2025-12-22 19:40:35.043679,2025-12-22 19:40:47.158979,0 days 00:00:12.115300,0.2,8,0.09,8,14,46,0.5241008897737635,0.47644588090134754,41,0.3024875621890547,0,COMPLETE
29,0.0,0.10672113244547,2025-12-22 19:40:47.160372,2025-12-22 19:40:57.029131,0 days 00:00:09.868759,0.09,19,0.27,9,8,13,0.0,0.10672113244547,2,0.012935323383084577,0,COMPLETE
30,0.0,-0.26588694244362754,2025-12-22 19:40:57.030972,2025-12-22 19:41:06.046916,0 days 00:00:09.015944,0.11,24,0.24,20,3,8,0.0,-0.26588694244362754,2,0.07562189054726368,0,COMPLETE
31,0.5739708680533809,0.06404944357140889,2025-12-22 19:41:06.048557,2025-12-22 19:41:16.561808,0 days 00:00:10.513251,0.22,38,0.14,1,6,33,0.5739708680533809,0.06404944357140889,15,0.26119402985074625,0,COMPLETE
32,0.49683006612235076,0.41527659598670374,2025-12-22 19:41:16.563054,2025-12-22 19:41:28.582559,0 days 00:00:12.019505,0.04,37,0.06,8,14,49,0.49683006612235076,0.41527659598670374,11,0.2512437810945274,0,COMPLETE
33,0.5509913784699382,0.2818559650735081,2025-12-22 19:41:28.584242,2025-12-22 19:41:38.369708,0 days 00:00:09.785466,0.22,35,0.04,4,7,14,0.5509913784699382,0.2818559650735081,21,0.20248756218905473,0,COMPLETE
34,0.8288747580619553,0.130336394484201,2025-12-22 19:41:38.371524,2025-12-22 19:41:49.324467,0 days 00:00:10.952943,0.12,28,0.23,12,8,47,0.8288747580619553,0.130336394484201,7,0.1880597014925373,0,COMPLETE
35,0.6058210839331477,0.2207635230508129,2025-12-22 19:41:49.325722,2025-12-22 19:41:58.304661,0 days 00:00:08.978939,0.19,47,0.27,16,3,11,0.6058210839331477,0.2207635230508129,12,0.41243781094527365,0,COMPLETE
36,0.6506261127947309,0.13549090778189662,2025-12-22 19:41:58.306025,2025-12-22 19:42:08.869118,0 days 00:00:10.563093,0.09,49,0.23,1,10,28,0.6506261127947309,0.13549090778189662,13,0.28059701492537314,0,COMPLETE
37,0.5761271244245975,0.1986989962983741,2025-12-22 19:42:08.870717,2025-12-22 19:42:19.333676,0 days 00:00:10.462959,0.17,34,0.22,6,8,31,0.5761271244245975,0.1986989962983741,12,0.2865671641791045,0,COMPLETE
38,0.5341428004990983,0.35383517281102495,2025-12-22 19:42:19.335146,2025-12-22 19:42:29.399319,0 days 00:00:10.064173,0.16,36,0.05,17,3,32,0.5341428004990983,0.35383517281102495,13,0.35522388059701493,0,COMPLETE
39,0.5717842193167653,0.45437183990853636,2025-12-22 19:42:29.401109,2025-12-22 19:42:39.592099,0 days 00:00:10.190990,0.2,26,0.06,6,14,12,0.5717842193167653,0.45437183990853636,25,0.17960199004975125,0,COMPLETE
40,0.0,0.3722088232351835,2025-12-22 19:42:39.593790,2025-12-22 19:42:48.937223,0 days 00:00:09.343433,0.2,33,0.09,20,5,9,0.0,0.3722088232351835,2,0.022885572139303482,0,COMPLETE
41,0.5358978275472829,0.44412342317464004,2025-12-22 19:42:48.938548,2025-12-22 19:42:58.514497,0 days 00:00:09.575949,0.19,42,0.23,16,9,12,0.5358978275472829,0.44412342317464004,9,0.31492537313432833,0,COMPLETE
42,0.0,0.19459486800532566,2025-12-22 19:42:58.516201,2025-12-22 19:43:08.857179,0 days 00:00:10.340978,0.07,17,0.09,17,4,28,0.0,0.19459486800532566,2,0.0024875621890547263,0,COMPLETE
43,0.575841432785752,0.20595295864533442,2025-12-22 19:43:08.858884,2025-12-22 19:43:20.436427,0 days 00:00:11.577543,0.3,36,0.18,4,13,42,0.575841432785752,0.20595295864533442,12,0.26119402985074625,0,COMPLETE
44,0.48275398610934434,0.5778649190526197,2025-12-22 19:43:20.438314,2025-12-22 19:43:30.834131,0 days 00:00:10.395817,0.09,12,0.0,11,12,15,0.48275398610934434,0.5778649190526197,48,0.21144278606965175,0,COMPLETE
45,0.596511665512992,0.47885287905104107,2025-12-22 19:43:30.835953,2025-12-22 19:43:41.460361,0 days 00:00:10.624408,0.19,35,0.19,16,12,23,0.596511665512992,0.47885287905104107,14,0.4736318407960199,0,COMPLETE
46,0.5820536213498491,0.4188256533195237,2025-12-22 19:43:41.461802,2025-12-22 19:43:52.687971,0 days 00:00:11.226169,0.06,32,0.24,10,13,31,0.5820536213498491,0.4188256533195237,14,0.3845771144278607,0,COMPLETE
47,0.0,0.5455092165232622,2025-12-22 19:43:52.689818,2025-12-22 19:44:03.225262,0 days 00:00:10.535444,0.27,23,0.14,14,8,24,0.0,0.5455092165232622,2,0.0,0,COMPLETE
48,0.0,0.4860855930057795,2025-12-22 19:44:03.226258,2025-12-22 19:44:13.745978,0 days 00:00:10.519720,0.25,14,0.29,9,14,13,0.0,0.4860855930057795,2,0.0,0,COMPLETE
49,0.5513380904203965,0.4269690522107388,2025-12-22 19:44:13.747215,2025-12-22 19:44:23.546037,0 days 00:00:09.798822,0.05,20,0.08,7,15,7,0.5513380904203965,0.4269690522107388,31,0.13134328358208955,0,COMPLETE
50,0.5461910602747855,0.5892781506931422,2025-12-22 19:44:23.547997,2025-12-22 19:44:33.604176,0 days 00:00:10.056179,0.12,6,0.06,7,8,12,0.5461910602747855,0.5892781506931422,81,0.2208955223880597,1,COMPLETE
51,0.6211109212127164,0.4867399218808389,2025-12-22 19:44:33.605809,2025-12-22 19:44:44.803928,0 days 00:00:11.198119,0.26,27,0.19,16,12,34,0.6211109212127164,0.4867399218808389,14,0.38656716417910447,1,COMPLETE
52,0.8237886340582232,0.38186986523611743,2025-12-22 19:44:44.805550,2025-12-22 19:44:56.823091,0 days 00:00:12.017541,0.08,14,0.21,15,15,31,0.8237886340582232,0.38186986523611743,3,0.001990049751243781,1,COMPLETE
53,0.7254130140129472,0.35811814342151155,2025-12-22 19:44:56.825088,2025-12-22 19:45:07.494353,0 days 00:00:10.669265,0.11,41,0.3,16,12,24,0.7254130140129472,0.35811814342151155,9,0.3641791044776119,1,COMPLETE
54,0.474707301593453,0.253751337151222,2025-12-22 19:45:07.495552,2025-12-22 19:45:18.823581,0 days 00:00:11.328029,0.04,39,0.23,1,14,28,0.474707301593453,0.253751337151222,12,0.23432835820895523,1,COMPLETE
55,0.0,0.22828904561662558,2025-12-22 19:45:18.825243,2025-12-22 19:45:29.428539,0 days 00:00:10.603296,0.18,22,0.24,10,5,31,0.0,0.22828904561662558,2,0.021393034825870648,1,COMPLETE
56,0.0,0.4294904041122926,2025-12-22 19:45:29.429956,2025-12-22 19:45:41.440784,0 days 00:00:12.010828,0.0,21,0.29,8,14,38,0.0,0.4294904041122926,2,0.006467661691542288,1,COMPLETE
57,0.5661727278842494,0.4104904517176549,2025-12-22 19:45:41.442048,2025-12-22 19:45:52.520485,0 days 00:00:11.078437,0.2,11,0.28,5,14,21,0.5661727278842494,0.4104904517176549,43,0.33432835820895523,1,COMPLETE
58,0.5192735480792722,0.23267500363662652,2025-12-22 19:45:52.523700,2025-12-22 19:46:02.112350,0 days 00:00:09.588650,0.3,38,0.14,2,6,13,0.5192735480792722,0.23267500363662652,16,0.2054726368159204,1,COMPLETE
59,0.0,-0.26588694244362754,2025-12-22 19:46:02.113617,2025-12-22 19:46:11.222416,0 days 00:00:09.108799,0.11,31,0.24,20,3,8,0.0,-0.26588694244362754,2,0.07562189054726368,1,COMPLETE
60,0.5241008897737635,0.47644588090134754,2025-12-22 19:46:11.224283,2025-12-22 19:46:23.464955,0 days 00:00:12.240672,0.2,8,0.09,8,14,46,0.5241008897737635,0.47644588090134754,41,0.3024875621890547,1,COMPLETE
61,0.49473317211248335,0.04172384080311952,2025-12-22 19:46:23.466220,2025-12-22 19:46:34.025482,0 days 00:00:10.559262,0.18,31,0.14,1,6,33,0.49473317211248335,0.04172384080311952,20,0.1925373134328358,1,COMPLETE
62,0.4188386029387634,0.5345395039885104,2025-12-22 19:46:34.027338,2025-12-22 19:46:47.582060,0 days 00:00:13.554722,0.0,2,0.07,2,12,24,0.4188386029387634,0.5345395039885104,228,0.17761194029850746,1,COMPLETE
63,0.7276306510625382,0.3672567615186126,2025-12-22 19:46:47.583669,2025-12-22 19:46:57.622585,0 days 00:00:10.038916,0.11,47,0.2,11,6,22,0.7276306510625382,0.3672567615186126,10,0.3328358208955224,1,COMPLETE
64,0.4728099269912616,0.4674824752643929,2025-12-22 19:46:57.624308,2025-12-22 19:47:06.236735,0 days 00:00:08.612427,0.17,36,0.16,4,13,3,0.4728099269912616,0.4674824752643929,18,0.14427860696517414,1,COMPLETE
65,0.0,0.2029890538992743,2025-12-22 19:47:06.238631,2025-12-22 19:47:16.640556,0 days 00:00:10.401925,0.17,23,0.22,6,4,31,0.0,0.2029890538992743,2,0.010945273631840797,1,COMPLETE
66,0.6120772459292829,0.4552951878444649,2025-12-22 19:47:16.642354,2025-12-22 19:47:26.385253,0 days 00:00:09.742899,0.2,33,0.09,20,5,18,0.6120772459292829,0.4552951878444649,11,0.24477611940298508,1,COMPLETE
67,0.502862901952827,0.5215184446985172,2025-12-22 19:47:26.386988,2025-12-22 19:47:37.679897,0 days 00:00:11.292909,0.27,8,0.09,8,14,23,0.502862901952827,0.5215184446985172,52,0.26417910447761195,1,COMPLETE
68,0.47688130093898384,0.6204276045689004,2025-12-22 19:47:37.681906,2025-12-22 19:47:47.882592,0 days 00:00:10.200686,0.08,3,0.09,9,7,14,0.47688130093898384,0.6204276045689004,70,0.2975124378109453,1,COMPLETE
69,0.6291760493861621,0.5255594195022195,2025-12-22 19:47:47.884230,2025-12-22 19:47:57.500172,0 days 00:00:09.615942,0.04,42,0.06,16,9,12,0.6291760493861621,0.5255594195022195,11,0.19950248756218905,1,COMPLETE
70,0.5697528767424221,0.4175081744750793,2025-12-22 19:47:57.501864,2025-12-22 19:48:05.794799,0 days 00:00:08.292935,0.03,47,0.0,18,7,3,0.5697528767424221,0.4175081744750793,13,0.19502487562189055,1,COMPLETE
71,0.484039412207479,0.4448098287544508,2025-12-22 19:48:05.796797,2025-12-22 19:48:14.512273,0 days 00:00:08.715476,0.22,20,0.06,14,2,7,0.484039412207479,0.4448098287544508,29,0.20945273631840797,1,COMPLETE
72,0.5396294622022642,0.2754696317725523,2025-12-22 19:48:14.513675,2025-12-22 19:48:23.542117,0 days 00:00:09.028442,0.11,47,0.09,20,5,9,0.5396294622022642,0.2754696317725523,11,0.3611940298507463,1,COMPLETE
73,0.5391097101726652,0.40192731560802386,2025-12-22 19:48:23.543932,2025-12-22 19:48:33.914393,0 days 00:00:10.370461,0.18,31,0.06,5,10,21,0.5391097101726652,0.40192731560802386,17,0.1736318407960199,1,COMPLETE
74,0.7887390543686826,0.2532245573373515,2025-12-22 19:48:33.915812,2025-12-22 19:48:44.915519,0 days 00:00:10.999707,0.12,28,0.19,12,8,47,0.7887390543686826,0.2532245573373515,9,0.24577114427860697,1,COMPLETE
75,0.5394902255016051,0.361592662851167,2025-12-22 19:48:44.917249,2025-12-22 19:48:54.697199,0 days 00:00:09.779950,0.18,31,0.06,10,5,18,0.5394902255016051,0.361592662851167,19,0.20348258706467662,1,COMPLETE
76,0.5392127205052822,0.2981114316803515,2025-12-22 19:48:54.698643,2025-12-22 19:49:05.776525,0 days 00:00:11.077882,0.05,28,0.22,17,10,42,0.5392127205052822,0.2981114316803515,11,0.3492537313432836,1,COMPLETE
77,0.0,0.5455092165232622,2025-12-22 19:49:05.777931,2025-12-22 19:49:16.313058,0 days 00:00:10.535127,0.03,23,0.14,7,8,24,0.0,0.5455092165232622,2,0.0,1,COMPLETE
78,0.519644046771804,0.35430099723250086,2025-12-22 19:49:16.314376,2025-12-22 19:49:26.278980,0 days 00:00:09.964604,0.17,25,0.23,10,8,18,0.519644046771804,0.35430099723250086,13,0.2054726368159204,1,COMPLETE
79,0.6963625893200925,0.28554679544012074,2025-12-22 19:49:26.280502,2025-12-22 19:49:36.461959,0 days 00:00:10.181457,0.05,38,0.29,9,14,13,0.6963625893200925,0.28554679544012074,12,0.27114427860696516,1,COMPLETE
80,0.5110077952069633,0.344269004313106,2025-12-22 19:49:36.463370,2025-12-22 19:49:47.115835,0 days 00:00:10.652465,0.17,20,0.06,2,13,18,0.5110077952069633,0.344269004313106,31,0.1472636815920398,1,COMPLETE
81,0.44707275942746894,0.4661304791175142,2025-12-22 19:49:47.117355,2025-12-22 19:49:59.284842,0 days 00:00:12.167487,0.08,3,0.19,2,2,24,0.44707275942746894,0.4661304791175142,218,0.19054726368159203,1,COMPLETE
82,0.5118879629447867,-0.040945891836110505,2025-12-22 19:49:59.286638,2025-12-22 19:50:09.916820,0 days 00:00:10.630182,0.22,46,0.14,1,8,33,0.5118879629447867,-0.040945891836110505,12,0.1582089552238806,1,COMPLETE
83,0.6310111521675892,0.440478140973481,2025-12-22 19:50:09.918664,2025-12-22 19:50:20.505111,0 days 00:00:10.586447,0.24,44,0.03,13,8,34,0.6310111521675892,0.440478140973481,13,0.28258706467661693,1,COMPLETE
84,0.0,0.0532993899658744,2025-12-22 19:50:20.506467,2025-12-22 19:50:29.847651,0 days 00:00:09.341184,0.05,42,0.23,7,9,7,0.0,0.0532993899658744,2,0.049253731343283584,1,COMPLETE
85,0.6650363030982795,0.4966300794531555,2025-12-22 19:50:29.849422,2025-12-22 19:50:41.669023,0 days 00:00:11.819601,0.19,28,0.22,16,14,42,0.6650363030982795,0.4966300794531555,12,0.31791044776119404,1,COMPLETE
86,0.5704561541133327,0.49953137468515885,2025-12-22 19:50:41.670428,2025-12-22 19:50:52.943885,0 days 00:00:11.273457,0.06,32,0.05,10,13,31,0.5704561541133327,0.49953137468515885,16,0.19900497512437812,1,COMPLETE
87,0.6951238022589503,0.3527588997949729,2025-12-22 19:50:52.945607,2025-12-22 19:51:03.556756,0 days 00:00:10.611149,0.11,42,0.23,8,10,28,0.6951238022589503,0.3527588997949729,10,0.31343283582089554,1,COMPLETE
88,0.47005947683872634,0.5396750918689147,2025-12-22 19:51:03.558056,2025-12-22 19:51:14.157005,0 days 00:00:10.598949,0.21,3,0.27,4,10,13,0.47005947683872634,0.5396750918689147,108,0.2900497512437811,1,COMPLETE
89,0.5050503575801575,0.5219870885226306,2025-12-22 19:51:14.158816,2025-12-22 19:51:25.232169,0 days 00:00:11.073353,0.06,2,0.18,12,6,49,0.5050503575801575,0.5219870885226306,41,0.45870646766169154,1,COMPLETE
90,0.5194141666022788,0.2916004862135788,2025-12-22 19:51:25.233561,2025-12-22 19:51:33.569274,0 days 00:00:08.335713,0.12,49,0.23,1,10,3,0.5194141666022788,0.2916004862135788,16,0.3049751243781095,1,COMPLETE
91,0.5144593720080639,0.15132431702431728,2025-12-22 19:51:33.571015,2025-12-22 19:51:42.585632,0 days 00:00:09.014617,0.19,35,0.19,16,2,11,0.5144593720080639,0.15132431702431728,11,0.26318407960199003,1,COMPLETE
92,0.6077818616397407,0.27470301357841226,2025-12-22 19:51:42.587056,2025-12-22 19:51:53.667550,0 days 00:00:11.080494,0.22,46,0.05,6,7,48,0.6077818616397407,0.27470301357841226,10,0.2099502487562189,1,COMPLETE
93,0.8460159746515313,-0.1550695234156332,2025-12-22 19:51:53.669211,2025-12-22 19:52:04.749757,0 days 00:00:11.080546,0.06,12,0.24,10,6,42,0.8460159746515313,-0.1550695234156332,3,0.010945273631840797,1,COMPLETE
94,0.5008226769732184,0.5534970155877369,2025-12-22 19:52:04.751566,2025-12-22 19:52:14.451390,0 days 00:00:09.699824,0.25,2,0.18,9,11,8,0.5008226769732184,0.5534970155877369,64,0.2935323383084577,1,COMPLETE
95,0.46804489157052326,0.16161030155931985,2025-12-22 19:52:14.453337,2025-12-22 19:52:24.034187,0 days 00:00:09.580850,0.02,25,0.21,10,3,18,0.46804489157052326,0.16161030155931985,14,0.21791044776119403,1,COMPLETE
96,0.6190525538369971,0.473152037387945,2025-12-22 19:52:24.035899,2025-12-22 19:52:35.704618,0 days 00:00:11.668719,0.17,34,0.22,12,14,36,0.6190525538369971,0.473152037387945,12,0.3945273631840796,1,COMPLETE
97,0.6149813023959516,0.34170416106522755,2025-12-22 19:52:35.706355,2025-12-22 19:52:46.080839,0 days 00:00:10.374484,0.18,30,0.14,11,8,24,0.6149813023959516,0.34170416106522755,15,0.24875621890547264,1,COMPLETE
98,0.5690945314581467,0.5128832608469318,2025-12-22 19:52:46.081976,2025-12-22 19:52:56.791605,0 days 00:00:10.709629,0.24,38,0.03,19,7,34,0.5690945314581467,0.5128832608469318,14,0.37711442786069654,1,COMPLETE
99,0.5317059260987637,0.053246750848126904,2025-12-22 19:52:56.793350,2025-12-22 19:53:07.394838,0 days 00:00:10.601488,0.22,27,0.14,1,6,34,0.5317059260987637,0.053246750848126904,24,0.19154228855721392,1,COMPLETE
100,0.6899811982165328,0.39388920015258444,2025-12-22 19:53:07.396658,2025-12-22 19:53:17.873893,0 days 00:00:10.477235,0.11,47,0.11,11,12,18,0.6899811982165328,0.39388920015258444,10,0.19402985074626866,2,COMPLETE
101,0.6495732743149698,0.29113264670013705,2025-12-22 19:53:17.875808,2025-12-22 19:53:27.574873,0 days 00:00:09.699065,0.09,41,0.2,11,6,15,0.6495732743149698,0.29113264670013705,10,0.24925373134328357,2,COMPLETE
102,0.7558245824140537,0.45012846035372706,2025-12-22 19:53:27.576564,2025-12-22 19:53:39.354267,0 days 00:00:11.777703,0.25,47,0.18,11,11,49,0.7558245824140537,0.45012846035372706,9,0.30696517412935326,2,COMPLETE
103,0.4504232787595654,0.5818691726241629,2025-12-22 19:53:39.355782,2025-12-22 19:53:49.373898,0 days 00:00:10.018116,0.19,2,0.18,9,14,8,0.4504232787595654,0.5818691726241629,64,0.29502487562189056,2,COMPLETE
