number,values_0,values_1,datetime_start,datetime_complete,duration,params_cluster_selection_epsilon,params_min_cluster_size,params_min_dist,params_min_samples,params_n_components,params_n_neighbors,user_attrs_ccc_score,user_attrs_dbcv_score,user_attrs_n_clusters,user_attrs_outlier_ratio,system_attrs_NSGAIISampler:generation,state
104,0.5042892749377593,0.5100694319864155,2025-12-22 19:53:49.378064,2025-12-22 19:54:00.648671,0 days 00:00:11.270607,0.27,6,0.07,8,14,23,0.5042892749377593,0.5100694319864155,52,0.2417910447761194,2,COMPLETE
105,0.7114637873227562,0.3386501794988148,2025-12-22 19:54:00.650278,2025-12-22 19:54:10.666756,0 days 00:00:10.016478,0.09,42,0.3,11,6,22,0.7114637873227562,0.3386501794988148,10,0.34875621890547265,2,COMPLETE
106,0.7169332924397389,0.28581700897516255,2025-12-22 19:54:10.668177,2025-12-22 19:54:21.086268,0 days 00:00:10.418091,0.23,44,0.18,17,4,42,0.7169332924397389,0.28581700897516255,9,0.30398009950248756,2,COMPLETE
107,0.6315637955669686,0.36345663699057273,2025-12-22 19:54:21.088149,2025-12-22 19:54:30.428872,0 days 00:00:09.340723,0.12,33,0.27,20,5,12,0.6315637955669686,0.36345663699057273,10,0.3447761194029851,2,COMPLETE
108,0.8243195397671446,0.07860479637128946,2025-12-22 19:54:30.430138,2025-12-22 19:54:41.265114,0 days 00:00:10.834976,0.08,14,0.21,15,8,31,0.8243195397671446,0.07860479637128946,3,0.014427860696517412,2,COMPLETE
109,0.5421575769878619,0.4597545470133661,2025-12-22 19:54:41.266441,2025-12-22 19:54:53.442247,0 days 00:00:12.175806,0.08,14,0.3,15,15,42,0.5421575769878619,0.4597545470133661,24,0.436318407960199,2,COMPLETE
110,0.5516452423295481,0.4872068784506502,2025-12-22 19:54:53.443635,2025-12-22 19:55:03.799918,0 days 00:00:10.356283,0.21,24,0.07,12,11,18,0.5516452423295481,0.4872068784506502,23,0.25422885572139303,2,COMPLETE
111,0.6812978980331023,0.22323766099330355,2025-12-22 19:55:03.801755,2025-12-22 19:55:13.020017,0 days 00:00:09.218262,0.22,20,0.2,10,6,7,0.6812978980331023,0.22323766099330355,3,0.003482587064676617,2,COMPLETE
112,0.63649165333815,0.45703092876926654,2025-12-22 19:55:13.021868,2025-12-22 19:55:22.426217,0 days 00:00:09.404349,0.2,36,0.16,14,13,7,0.63649165333815,0.45703092876926654,14,0.2537313432835821,2,COMPLETE
113,0.8269448086205721,0.3745176040941119,2025-12-22 19:55:22.428179,2025-12-22 19:55:33.417000,0 days 00:00:10.988821,0.21,2,0.24,14,14,18,0.8269448086205721,0.3745176040941119,3,0.0,2,COMPLETE
114,0.577525809741622,0.4090564810576363,2025-12-22 19:55:33.418675,2025-12-22 19:55:44.018129,0 days 00:00:10.599454,0.11,47,0.03,11,8,34,0.577525809741622,0.4090564810576363,11,0.23681592039800994,2,COMPLETE
115,0.5638416902219625,0.5130355952001855,2025-12-22 19:55:44.019683,2025-12-22 19:55:54.463864,0 days 00:00:10.444181,0.12,14,0.04,9,14,13,0.5638416902219625,0.5130355952001855,41,0.22338308457711442,2,COMPLETE
116,0.7319323096011922,0.09989313121596259,2025-12-22 19:55:54.466228,2025-12-22 19:56:04.885407,0 days 00:00:10.419179,0.25,38,0.29,9,3,49,0.7319323096011922,0.09989313121596259,11,0.32587064676616917,2,COMPLETE
117,0.5419752968008134,0.47249435190655165,2025-12-22 19:56:04.887513,2025-12-22 19:56:13.955124,0 days 00:00:09.067611,0.19,26,0.05,7,8,7,0.5419752968008134,0.47249435190655165,29,0.15422885572139303,2,COMPLETE
118,0.5354138319243138,0.3963006463022253,2025-12-22 19:56:13.956956,2025-12-22 19:56:23.627301,0 days 00:00:09.670345,0.12,30,0.06,7,8,12,0.5354138319243138,0.3963006463022253,17,0.0845771144278607,2,COMPLETE
119,0.4291623901277742,0.5392049435902924,2025-12-22 19:56:23.628923,2025-12-22 19:56:34.352544,0 days 00:00:10.723621,0.03,2,0.14,7,8,24,0.4291623901277742,0.5392049435902924,77,0.3208955223880597,2,COMPLETE
120,0.0,0.24178493677650967,2025-12-22 19:56:34.354154,2025-12-22 19:56:45.817829,0 days 00:00:11.463675,0.2,23,0.09,8,9,46,0.0,0.24178493677650967,2,0.0,2,COMPLETE
121,0.6237101683228657,0.4297656211065318,2025-12-22 19:56:45.819125,2025-12-22 19:56:55.516950,0 days 00:00:09.697825,0.24,38,0.09,9,7,14,0.6237101683228657,0.4297656211065318,16,0.30398009950248756,2,COMPLETE
122,0.8269448086205721,0.6198184527308173,2025-12-22 19:56:55.519360,2025-12-22 19:57:06.066870,0 days 00:00:10.547510,0.21,2,0.18,12,11,18,0.8269448086205721,0.6198184527308173,3,0.0,2,COMPLETE
123,0.5334190805204904,0.5829302673211298,2025-12-22 19:57:06.068707,2025-12-22 19:57:17.013001,0 days 00:00:10.944294,0.0,14,0.21,15,11,31,0.5334190805204904,0.5829302673211298,28,0.42338308457711443,2,COMPLETE
124,0.7026172864337324,0.3707184991077919,2025-12-22 19:57:17.014819,2025-12-22 19:57:27.038804,0 days 00:00:10.023985,0.11,34,0.2,11,6,22,0.7026172864337324,0.3707184991077919,11,0.3154228855721393,2,COMPLETE
125,0.6670288030288231,0.29780651207876097,2025-12-22 19:57:27.040643,2025-12-22 19:57:37.361155,0 days 00:00:10.320512,0.12,35,0.14,7,8,23,0.6670288030288231,0.29780651207876097,13,0.23980099502487562,2,COMPLETE
126,0.577525809741622,0.4090564810576363,2025-12-22 19:57:37.362321,2025-12-22 19:57:47.968566,0 days 00:00:10.606245,0.24,44,0.03,11,8,34,0.577525809741622,0.4090564810576363,11,0.23681592039800994,2,COMPLETE
127,0.5030341588776711,0.37398098778795197,2025-12-22 19:57:47.970081,2025-12-22 19:57:58.865079,0 days 00:00:10.894998,0.13,28,0.19,8,6,47,0.5030341588776711,0.37398098778795197,21,0.34875621890547265,2,COMPLETE
128,0.6591400343694611,0.4333773569231882,2025-12-22 19:57:58.866506,2025-12-22 19:58:10.802988,0 days 00:00:11.936482,0.12,28,0.22,12,14,47,0.6591400343694611,0.4333773569231882,13,0.38308457711442784,2,COMPLETE
129,0.5836583947184455,0.5096872922523433,2025-12-22 19:58:10.804696,2025-12-22 19:58:21.465666,0 days 00:00:10.660970,0.23,35,0.06,16,12,23,0.5836583947184455,0.5096872922523433,12,0.31044776119402984,2,COMPLETE
130,0.4947654495058349,0.28016033234423365,2025-12-22 19:58:21.467412,2025-12-22 19:58:31.251375,0 days 00:00:09.783963,0.04,42,0.06,4,11,12,0.4947654495058349,0.28016033234423365,16,0.10845771144278607,2,COMPLETE
131,0.7038074687905704,0.0577701777862611,2025-12-22 19:58:31.253218,2025-12-22 19:58:42.062720,0 days 00:00:10.809502,0.17,47,0.16,4,13,22,0.7038074687905704,0.0577701777862611,9,0.21194029850746268,2,COMPLETE
132,0.8269448086205721,0.5068141784410313,2025-12-22 19:58:42.064254,2025-12-22 19:58:53.091645,0 days 00:00:11.027391,0.04,2,0.07,16,12,24,0.8269448086205721,0.5068141784410313,3,0.0,2,COMPLETE
133,0.4016696226409753,0.43271040953042916,2025-12-22 19:58:53.093456,2025-12-22 19:59:04.807503,0 days 00:00:11.714047,0.21,2,0.07,2,11,24,0.4016696226409753,0.43271040953042916,122,0.0890547263681592,2,COMPLETE
134,0.6055239297308654,0.2808863085125143,2025-12-22 19:59:04.809476,2025-12-22 19:59:15.712509,0 days 00:00:10.903033,0.08,46,0.05,6,6,48,0.6055239297308654,0.2808863085125143,13,0.2407960199004975,2,COMPLETE
135,0.4698657950743144,0.5655086572588772,2025-12-22 19:59:15.714188,2025-12-22 19:59:26.807361,0 days 00:00:11.093173,0.25,14,0.19,19,14,25,0.4698657950743144,0.5655086572588772,25,0.4228855721393035,2,COMPLETE
136,0.6283340966885,0.30767975562035005,2025-12-22 19:59:26.808778,2025-12-22 19:59:37.242943,0 days 00:00:10.434165,0.09,38,0.29,3,14,15,0.6283340966885,0.30767975562035005,15,0.30398009950248756,2,COMPLETE
137,0.0,0.3099550404734933,2025-12-22 19:59:37.244771,2025-12-22 19:59:48.275457,0 days 00:00:11.030686,0.04,2,0.06,17,12,24,0.0,0.3099550404734933,2,0.0,2,COMPLETE
138,0.7589903251947203,0.3607351618582871,2025-12-22 19:59:48.277135,2025-12-22 19:59:59.256877,0 days 00:00:10.979742,0.24,44,0.25,12,8,47,0.7589903251947203,0.3607351618582871,9,0.3318407960199005,2,COMPLETE
139,0.7185418798220536,0.246816155287595,2025-12-22 19:59:59.258177,2025-12-22 20:00:09.897077,0 days 00:00:10.638900,0.0,38,0.29,9,12,24,0.7185418798220536,0.246816155287595,10,0.33432835820895523,2,COMPLETE
140,0.4978100339789562,0.5394428185300085,2025-12-22 20:00:09.898145,2025-12-22 20:00:19.558831,0 days 00:00:09.660686,0.19,12,0.11,10,6,12,0.4978100339789562,0.5394428185300085,43,0.25970149253731345,2,COMPLETE
141,0.5303509773969717,0.38751625941532014,2025-12-22 20:00:19.560549,2025-12-22 20:00:29.443089,0 days 00:00:09.882540,0.21,12,0.27,4,10,13,0.5303509773969717,0.38751625941532014,38,0.2810945273631841,2,COMPLETE
142,0.44462442308593847,0.535678447966965,2025-12-22 20:00:29.444746,2025-12-22 20:00:43.320332,0 days 00:00:13.875586,0.0,2,0.07,2,13,24,0.44462442308593847,0.535678447966965,240,0.20049751243781094,2,COMPLETE
143,0.5907160348756667,0.38080324949251804,2025-12-22 20:00:43.322552,2025-12-22 20:00:51.836352,0 days 00:00:08.513800,0.05,38,0.09,9,7,4,0.5907160348756667,0.38080324949251804,17,0.20945273631840797,2,COMPLETE
144,0.6309426897969116,0.4178119328207328,2025-12-22 20:00:51.838080,2025-12-22 20:01:02.555825,0 days 00:00:10.717745,0.06,41,0.24,16,6,42,0.6309426897969116,0.4178119328207328,11,0.36268656716417913,2,COMPLETE
145,0.0,0.07940501997656399,2025-12-22 20:01:02.556935,2025-12-22 20:01:13.308837,0 days 00:00:10.751902,0.08,3,0.26,18,4,38,0.0,0.07940501997656399,2,0.018407960199004977,2,COMPLETE
146,0.5340683320283007,0.5352877300282599,2025-12-22 20:01:13.310764,2025-12-22 20:01:25.364148,0 days 00:00:12.053384,0.2,8,0.14,14,14,46,0.5340683320283007,0.5352877300282599,29,0.4059701492537313,2,COMPLETE
147,0.6108623534141717,0.3219587522150131,2025-12-22 20:01:25.365190,2025-12-22 20:01:36.050456,0 days 00:00:10.685266,0.11,47,0.2,12,8,38,0.6108623534141717,0.3219587522150131,11,0.32587064676616917,2,COMPLETE
148,0.8875719781734257,-0.36086612487439373,2025-12-22 20:01:36.052192,2025-12-22 20:01:46.579928,0 days 00:00:10.527736,0.12,27,0.19,2,8,24,0.8875719781734257,-0.36086612487439373,3,0.024875621890547265,2,COMPLETE
149,0.5457559492019699,0.23062909215054347,2025-12-22 20:01:46.581890,2025-12-22 20:01:57.271914,0 days 00:00:10.690024,0.12,28,0.19,11,5,47,0.5457559492019699,0.23062909215054347,15,0.36517412935323385,2,COMPLETE
150,0.5008226769732184,0.5534970155877369,2025-12-22 20:01:57.273899,2025-12-22 20:02:07.008183,0 days 00:00:09.734284,0.25,2,0.18,9,11,8,0.5008226769732184,0.5534970155877369,64,0.2935323383084577,3,COMPLETE
151,0.0,0.5981918865712935,2025-12-22 20:02:07.010062,2025-12-22 20:02:18.441654,0 days 00:00:11.431592,0.12,14,0.16,19,14,25,0.0,0.5981918865712935,2,0.014925373134328358,3,COMPLETE
152,0.0,0.3099550404734933,2025-12-22 20:02:18.442974,2025-12-22 20:02:29.502855,0 days 00:00:11.059881,0.16,23,0.06,16,12,24,0.0,0.3099550404734933,2,0.0,3,COMPLETE
153,0.0,0.4853705130618536,2025-12-22 20:02:29.504649,2025-12-22 20:02:39.891775,0 days 00:00:10.387126,0.04,31,0.24,14,14,12,0.0,0.4853705130618536,2,0.04626865671641791,3,COMPLETE
154,0.6119505546046078,0.48075268668101895,2025-12-22 20:02:39.893549,2025-12-22 20:02:50.779264,0 days 00:00:10.885715,0.12,28,0.22,12,14,22,0.6119505546046078,0.48075268668101895,18,0.3706467661691542,3,COMPLETE
155,0.6271536024439879,0.40479211772331947,2025-12-22 20:02:50.781090,2025-12-22 20:03:00.789821,0 days 00:00:10.008731,0.11,28,0.23,11,6,22,0.6271536024439879,0.40479211772331947,14,0.2945273631840796,3,COMPLETE
156,0.6089557854817766,0.3675630503081026,2025-12-22 20:03:00.791511,2025-12-22 20:03:12.933186,0 days 00:00:12.141675,0.19,47,0.18,9,14,49,0.6089557854817766,0.3675630503081026,8,0.22238805970149253,3,COMPLETE
157,0.0,0.32229771978145005,2025-12-22 20:03:12.935626,2025-12-22 20:03:22.164781,0 days 00:00:09.229155,0.1,14,0.21,19,8,7,0.0,0.32229771978145005,2,0.0,3,COMPLETE
158,0.5500122783483254,0.5539898213607953,2025-12-22 20:03:22.166168,2025-12-22 20:03:30.987228,0 days 00:00:08.821060,0.04,2,0.05,16,12,4,0.5500122783483254,0.5539898213607953,33,0.1318407960199005,3,COMPLETE
159,0.693018347607356,0.28989792284000887,2025-12-22 20:03:30.989081,2025-12-22 20:03:41.789891,0 days 00:00:10.800810,0.25,41,0.3,11,12,24,0.693018347607356,0.28989792284000887,10,0.35870646766169156,3,COMPLETE
160,0.5812781948622866,0.38971976182362184,2025-12-22 20:03:41.791523,2025-12-22 20:03:52.543178,0 days 00:00:10.751655,0.21,38,0.03,12,7,34,0.5812781948622866,0.38971976182362184,10,0.20398009950248755,3,COMPLETE
161,0.8269448086205721,0.3745176040941119,2025-12-22 20:03:52.544952,2025-12-22 20:04:03.729664,0 days 00:00:11.184712,0.21,12,0.24,7,14,18,0.8269448086205721,0.3745176040941119,3,0.0,3,COMPLETE
162,0.4672470296910324,0.5268029414857501,2025-12-22 20:04:03.731400,2025-12-22 20:04:14.156265,0 days 00:00:10.424865,0.12,2,0.18,7,8,18,0.4672470296910324,0.5268029414857501,82,0.3482587064676617,3,COMPLETE
163,0.4864315158340578,0.49471463980521485,2025-12-22 20:04:14.157916,2025-12-22 20:04:24.622241,0 days 00:00:10.464325,0.19,14,0.21,15,6,31,0.4864315158340578,0.49471463980521485,27,0.41940298507462687,3,COMPLETE
164,0.0,0.2433705292075694,2025-12-22 20:04:24.624087,2025-12-22 20:04:35.867644,0 days 00:00:11.243557,0.19,25,0.18,12,6,40,0.0,0.2433705292075694,2,0.0,3,COMPLETE
165,0.0,-0.03813326160459919,2025-12-22 20:04:35.869861,2025-12-22 20:04:47.051911,0 days 00:00:11.182050,0.03,21,0.25,12,6,47,0.0,-0.03813326160459919,2,0.022388059701492536,3,COMPLETE
166,0.0,0.16445724612460794,2025-12-22 20:04:47.053136,2025-12-22 20:04:57.617348,0 days 00:00:10.564212,0.21,2,0.18,18,7,22,0.0,0.16445724612460794,2,0.0024875621890547263,3,COMPLETE
167,0.4572439782761767,0.49949294875944594,2025-12-22 20:04:57.618742,2025-12-22 20:05:07.991746,0 days 00:00:10.373004,0.12,3,0.3,7,12,13,0.4572439782761767,0.49949294875944594,70,0.34676616915422886,3,COMPLETE
168,0.48784452394180944,0.4790311790850859,2025-12-22 20:05:07.993343,2025-12-22 20:05:18.528859,0 days 00:00:10.535516,0.06,14,0.04,9,4,42,0.48784452394180944,0.4790311790850859,35,0.24975124378109453,3,COMPLETE
169,0.8875719781734257,-0.36086612487439373,2025-12-22 20:05:18.530698,2025-12-22 20:05:29.051745,0 days 00:00:10.521047,0.12,27,0.19,2,8,24,0.8875719781734257,-0.36086612487439373,3,0.024875621890547265,3,COMPLETE
170,0.5794709677535378,0.3906431900299697,2025-12-22 20:05:29.053913,2025-12-22 20:05:39.402195,0 days 00:00:10.348282,0.12,28,0.29,12,8,28,0.5794709677535378,0.3906431900299697,15,0.37860696517412934,3,COMPLETE
171,0.503314200438202,0.5960483552035464,2025-12-22 20:05:39.403869,2025-12-22 20:05:49.162168,0 days 00:00:09.758299,0.11,6,0.06,11,8,12,0.503314200438202,0.5960483552035464,51,0.24776119402985075,3,COMPLETE
172,0.6455579855361365,0.342188856689985,2025-12-22 20:05:49.164007,2025-12-22 20:06:00.703282,0 days 00:00:11.539275,0.04,38,0.16,16,12,45,0.6455579855361365,0.342188856689985,11,0.30646766169154227,3,COMPLETE
173,0.6172167476411049,0.250598591776134,2025-12-22 20:06:00.705082,2025-12-22 20:06:11.190409,0 days 00:00:10.485327,0.11,34,0.2,10,6,31,0.6172167476411049,0.250598591776134,12,0.32238805970149254,3,COMPLETE
174,0.5334190805204904,0.5829302673211298,2025-12-22 20:06:11.192101,2025-12-22 20:06:22.161094,0 days 00:00:10.968993,0.09,13,0.21,15,11,31,0.5334190805204904,0.5829302673211298,28,0.42338308457711443,3,COMPLETE
175,0.7420950093269939,0.43993956339779483,2025-12-22 20:06:22.162399,2025-12-22 20:06:33.078075,0 days 00:00:10.915676,0.06,48,0.07,18,6,49,0.7420950093269939,0.43993956339779483,8,0.20149253731343283,3,COMPLETE
176,0.5461910602747855,0.5892781506931422,2025-12-22 20:06:33.079389,2025-12-22 20:06:43.137025,0 days 00:00:10.057636,0.12,6,0.06,7,8,12,0.5461910602747855,0.5892781506931422,81,0.2208955223880597,3,COMPLETE
177,0.5794919199031323,0.24417927256986977,2025-12-22 20:06:43.138635,2025-12-22 20:06:53.041229,0 days 00:00:09.902594,0.0,32,0.06,14,2,31,0.5794919199031323,0.24417927256986977,16,0.2417910447761194,3,COMPLETE
178,0.7543479422506917,0.1316403812493862,2025-12-22 20:06:53.042459,2025-12-22 20:07:03.928010,0 days 00:00:10.885551,0.2,34,0.14,14,6,46,0.7543479422506917,0.1316403812493862,8,0.20298507462686566,3,COMPLETE
179,0.6063392237876389,0.4176387293758889,2025-12-22 20:07:03.929492,2025-12-22 20:07:15.190614,0 days 00:00:11.261122,0.09,32,0.18,10,13,31,0.6063392237876389,0.4176387293758889,14,0.32238805970149254,3,COMPLETE
180,0.6320571954429244,0.2747510664973961,2025-12-22 20:07:15.191926,2025-12-22 20:07:24.912028,0 days 00:00:09.720102,0.26,41,0.3,16,3,24,0.6320571954429244,0.2747510664973961,11,0.44925373134328356,3,COMPLETE
181,0.0,0.5538935285684794,2025-12-22 20:07:24.913285,2025-12-22 20:07:34.309395,0 days 00:00:09.396110,0.04,2,0.19,16,12,6,0.0,0.5538935285684794,2,0.005970149253731343,3,COMPLETE
182,0.5924963616455835,0.5239833745917518,2025-12-22 20:07:34.310715,2025-12-22 20:07:45.811880,0 days 00:00:11.501165,0.25,38,0.03,19,11,49,0.5924963616455835,0.5239833745917518,11,0.2990049751243781,3,COMPLETE
183,0.5127414067690325,0.5959827304994888,2025-12-22 20:07:45.813607,2025-12-22 20:07:54.298598,0 days 00:00:08.484991,0.21,10,0.18,18,11,3,0.5127414067690325,0.5959827304994888,21,0.21044776119402986,3,COMPLETE
184,0.4524724138337207,0.5336116278307134,2025-12-22 20:07:54.300245,2025-12-22 20:08:05.843521,0 days 00:00:11.543276,0.21,2,0.16,14,11,46,0.4524724138337207,0.5336116278307134,35,0.42686567164179107,3,COMPLETE
185,0.47005947683872634,0.5396750918689147,2025-12-22 20:08:05.845473,2025-12-22 20:08:16.464019,0 days 00:00:10.618546,0.21,3,0.27,4,10,13,0.47005947683872634,0.5396750918689147,108,0.2900497512437811,3,COMPLETE
186,0.4978100339789562,0.5394428185300085,2025-12-22 20:08:16.465637,2025-12-22 20:08:26.094144,0 days 00:00:09.628507,0.19,12,0.11,10,6,12,0.4978100339789562,0.5394428185300085,43,0.25970149253731345,3,COMPLETE
187,0.0,-0.10943776538648417,2025-12-22 20:08:26.095990,2025-12-22 20:08:35.453694,0 days 00:00:09.357704,0.25,44,0.18,7,8,8,0.0,-0.10943776538648417,2,0.023383084577114428,3,COMPLETE
188,0.5494297436859864,0.5341453734062058,2025-12-22 20:08:35.455586,2025-12-22 20:08:44.967875,0 days 00:00:09.512289,0.25,12,0.18,10,11,8,0.5494297436859864,0.5341453734062058,41,0.30845771144278605,3,COMPLETE
189,0.7160910355411665,0.3526234648262114,2025-12-22 20:08:44.969688,2025-12-22 20:08:56.049965,0 days 00:00:11.080277,0.06,49,0.19,10,10,42,0.7160910355411665,0.3526234648262114,10,0.2860696517412935,3,COMPLETE
190,0.0,0.3792612596382956,2025-12-22 20:08:56.051614,2025-12-22 20:09:06.203884,0 days 00:00:10.152270,0.08,23,0.21,14,4,24,0.0,0.3792612596382956,2,0.0,3,COMPLETE
191,0.5354661691224221,0.5591076901347867,2025-12-22 20:09:06.205842,2025-12-22 20:09:16.108807,0 days 00:00:09.902965,0.3,3,0.21,15,4,24,0.5354661691224221,0.5591076901347867,35,0.4507462686567164,3,COMPLETE
192,0.6527490758317319,0.4099156611802877,2025-12-22 20:09:16.110113,2025-12-22 20:09:26.845987,0 days 00:00:10.735874,0.12,41,0.04,16,12,24,0.6527490758317319,0.4099156611802877,14,0.3144278606965174,3,COMPLETE
193,0.7629932933856507,0.33047107717967056,2025-12-22 20:09:26.847648,2025-12-22 20:09:36.267053,0 days 00:00:09.419405,0.3,22,0.18,9,8,8,0.7629932933856507,0.33047107717967056,4,0.011442786069651741,3,COMPLETE
194,0.5153075050738103,0.47100042125908353,2025-12-22 20:09:36.269027,2025-12-22 20:09:46.861057,0 days 00:00:10.592030,0.19,35,0.1,16,12,23,0.5153075050738103,0.47100042125908353,15,0.4034825870646766,3,COMPLETE
195,0.5606935233829072,0.5233715449009069,2025-12-22 20:09:46.861991,2025-12-22 20:09:55.993532,0 days 00:00:09.131541,0.0,29,0.11,17,12,6,0.5606935233829072,0.5233715449009069,18,0.2701492537313433,3,COMPLETE
196,0.47712784279883447,0.5906059249797305,2025-12-22 20:09:55.995180,2025-12-22 20:10:06.151044,0 days 00:00:10.155864,0.08,2,0.18,15,14,11,0.47712784279883447,0.5906059249797305,39,0.3935323383084577,3,COMPLETE
197,0.5739284414699762,0.26929736260593456,2025-12-22 20:10:06.153042,2025-12-22 20:10:17.723343,0 days 00:00:11.570301,0.12,28,0.11,12,12,47,0.5739284414699762,0.26929736260593456,15,0.2835820895522388,3,COMPLETE
198,0.6144406042388725,0.5191612541506162,2025-12-22 20:10:17.725012,2025-12-22 20:10:27.083540,0 days 00:00:09.358528,0.24,28,0.16,12,13,7,0.6144406042388725,0.5191612541506162,24,0.3054726368159204,3,COMPLETE
199,0.8240623356293533,0.30892144315173437,2025-12-22 20:10:27.085348,2025-12-22 20:10:38.071892,0 days 00:00:10.986544,0.12,17,0.22,12,14,18,0.8240623356293533,0.30892144315173437,3,0.0029850746268656717,3,COMPLETE
200,0.5606935233829072,0.5233715449009069,2025-12-22 20:10:38.073719,2025-12-22 20:10:47.183258,0 days 00:00:09.109539,0.0,29,0.11,17,12,6,0.5606935233829072,0.5233715449009069,18,0.2701492537313433,4,COMPLETE
201,0.8269448086205721,0.6198184527308173,2025-12-22 20:10:47.184883,2025-12-22 20:10:58.097605,0 days 00:00:10.912722,0.04,14,0.18,15,11,18,0.8269448086205721,0.6198184527308173,3,0.0,4,COMPLETE
202,0.520499442517307,0.4622397103816323,2025-12-22 20:10:58.099382,2025-12-22 20:11:09.888232,0 days 00:00:11.788850,0.08,28,0.22,15,14,42,0.520499442517307,0.4622397103816323,13,0.3517412935323383,4,COMPLETE
203,0.4890345620569363,0.6219924501863642,2025-12-22 20:11:09.890098,2025-12-22 20:11:19.810690,0 days 00:00:09.920592,0.08,3,0.06,7,4,12,0.4890345620569363,0.6219924501863642,91,0.27064676616915423,4,COMPLETE
204,0.5127414067690325,0.5959827304994888,2025-12-22 20:11:19.812567,2025-12-22 20:11:28.314168,0 days 00:00:08.501601,0.25,20,0.18,18,11,3,0.5127414067690325,0.5959827304994888,21,0.21044776119402986,4,COMPLETE
205,0.47211488124507106,0.5179522703988056,2025-12-22 20:11:28.315942,2025-12-22 20:11:38.926394,0 days 00:00:10.610452,0.12,28,0.03,19,8,34,0.47211488124507106,0.5179522703988056,18,0.3402985074626866,4,COMPLETE
206,0.49093984395795265,0.5805575426112953,2025-12-22 20:11:38.928349,2025-12-22 20:11:47.674284,0 days 00:00:08.745935,0.23,20,0.05,10,13,3,0.49093984395795265,0.5805575426112953,36,0.1338308457711443,4,COMPLETE
207,0.5759430980209737,0.3976792767928413,2025-12-22 20:11:47.675943,2025-12-22 20:11:58.836414,0 days 00:00:11.160471,0.2,36,0.19,14,12,34,0.5759430980209737,0.3976792767928413,11,0.38109452736318405,4,COMPLETE
208,0.8269448086205721,0.6198184527308173,2025-12-22 20:11:58.837724,2025-12-22 20:12:09.506809,0 days 00:00:10.669085,0.21,2,0.18,12,11,18,0.8269448086205721,0.6198184527308173,3,0.0,4,COMPLETE
