number,values_0,values_1,datetime_start,datetime_complete,duration,params_cluster_selection_epsilon,params_min_cluster_size,params_min_dist,params_min_samples,params_n_components,params_n_neighbors,user_attrs_ccc_score,user_attrs_dbcv_score,user_attrs_n_clusters,user_attrs_outlier_ratio,system_attrs_NSGAIISampler:generation,state
0,0.0,0.18559021401486864,2025-12-22 19:33:44.291858,2025-12-22 19:33:53.110316,0 days 00:00:08.818458,0.02,27,0.21,19,6,4,0.0,0.18559021401486864,2,0.018407960199004977,0,COMPLETE
1,0.0,0.0749195372067271,2025-12-22 19:33:53.111950,2025-12-22 19:34:03.460243,0 days 00:00:10.348293,0.11,7,0.13,16,3,29,0.0,0.0749195372067271,2,0.0024875621890547263,0,COMPLETE
2,0.5048492381458858,0.4473800532614568,2025-12-22 19:34:03.461990,2025-12-22 19:34:14.282728,0 days 00:00:10.820738,0.2,9,0.15,5,5,34,0.5048492381458858,0.4473800532614568,59,0.32935323383084575,0,COMPLETE
3,0.0,0.3811650556636976,2025-12-22 19:34:14.284346,2025-12-22 19:34:24.578156,0 days 00:00:10.293810,0.15,12,0.27,20,9,16,0.0,0.3811650556636976,2,0.016417910447761194,0,COMPLETE
4,0.6615692198325055,0.45587889612521737,2025-12-22 19:34:24.579683,2025-12-22 19:34:34.955836,0 days 00:00:10.376153,0.15,45,0.16,20,11,19,0.6615692198325055,0.45587889612521737,9,0.4154228855721393,0,COMPLETE
5,0.0,0.20961226614456432,2025-12-22 19:34:34.957272,2025-12-22 19:34:44.571861,0 days 00:00:09.614589,0.07,20,0.14,7,2,16,0.0,0.20961226614456432,2,0.0024875621890547263,0,COMPLETE
6,0.4408734121922265,0.46815374442170105,2025-12-22 19:34:44.573756,2025-12-22 19:34:55.345499,0 days 00:00:10.771743,0.07,15,0.16,16,5,44,0.4408734121922265,0.46815374442170105,23,0.4099502487562189,0,COMPLETE
7,0.6011493492725489,-0.26343372388858033,2025-12-22 19:34:55.347406,2025-12-22 19:35:05.969405,0 days 00:00:10.621999,0.27,35,0.07,2,3,49,0.6011493492725489,-0.26343372388858033,7,0.1383084577114428,0,COMPLETE
8,0.7153180981838287,0.2580960340375874,2025-12-22 19:35:05.971346,2025-12-22 19:35:15.343439,0 days 00:00:09.372093,0.21,31,0.03,17,15,5,0.7153180981838287,0.2580960340375874,12,0.1,0,COMPLETE
9,0.5000866339256793,0.5270623144907954,2025-12-22 19:35:15.345217,2025-12-22 19:35:26.886626,0 days 00:00:11.541409,0.27,7,0.16,8,13,30,0.5000866339256793,0.5270623144907954,49,0.3338308457711443,0,COMPLETE
10,0.536450637869346,0.42628884877810036,2025-12-22 19:35:26.888398,2025-12-22 19:35:36.737676,0 days 00:00:09.849278,0.13,13,0.13,14,4,20,0.536450637869346,0.42628884877810036,29,0.33432835820895523,0,COMPLETE
11,0.0,0.49696988448183704,2025-12-22 19:35:36.739728,2025-12-22 19:35:46.797803,0 days 00:00:10.058075,0.27,22,0.21,6,13,9,0.0,0.49696988448183704,2,0.005472636815920398,0,COMPLETE
12,0.5230784160506533,0.5639580958603511,2025-12-22 19:35:46.799559,2025-12-22 19:35:57.168798,0 days 00:00:10.369239,0.08,15,0.12,19,4,37,0.5230784160506533,0.5639580958603511,24,0.42139303482587065,0,COMPLETE
13,0.532463046139648,0.531057766307713,2025-12-22 19:35:57.170670,2025-12-22 19:36:08.229787,0 days 00:00:11.059117,0.04,10,0.02,7,5,46,0.532463046139648,0.531057766307713,48,0.3029850746268657,0,COMPLETE
14,0.5261417365271361,0.4962999168438142,2025-12-22 19:36:08.231836,2025-12-22 19:36:19.621424,0 days 00:00:11.389588,0.08,11,0.14,15,10,48,0.5261417365271361,0.4962999168438142,25,0.417910447761194,0,COMPLETE
15,0.7431288335438276,-0.20169284721687875,2025-12-22 19:36:19.623345,2025-12-22 19:36:27.809619,0 days 00:00:08.186274,0.05,29,0.15,19,2,3,0.7431288335438276,-0.20169284721687875,8,0.2044776119402985,0,COMPLETE
16,0.45096684070924076,0.4521485482047187,2025-12-22 19:36:27.811482,2025-12-22 19:36:37.989158,0 days 00:00:10.177676,0.2,9,0.06,2,9,11,0.45096684070924076,0.4521485482047187,73,0.17164179104477612,0,COMPLETE
17,0.5342299680155633,0.41043806212285777,2025-12-22 19:36:37.990510,2025-12-22 19:36:48.270635,0 days 00:00:10.280125,0.05,26,0.07,7,5,26,0.5342299680155633,0.41043806212285777,26,0.2651741293532338,0,COMPLETE
18,0.5624512640600788,0.5008238825419792,2025-12-22 19:36:48.272557,2025-12-22 19:36:59.465660,0 days 00:00:11.193103,0.08,7,0.3,8,12,29,0.5624512640600788,0.5008238825419792,44,0.417910447761194,0,COMPLETE
19,0.5424265991126687,0.24601308007339673,2025-12-22 19:36:59.467573,2025-12-22 19:37:09.623344,0 days 00:00:10.155771,0.11,38,0.01,3,8,20,0.5424265991126687,0.24601308007339673,17,0.21194029850746268,0,COMPLETE
20,0.6478801143856457,0.4443592433901595,2025-12-22 19:37:09.624906,2025-12-22 19:37:20.512642,0 days 00:00:10.887736,0.18,36,0.28,12,14,21,0.6478801143856457,0.4443592433901595,11,0.48756218905472637,0,COMPLETE
21,0.5948512818460733,0.09792691468511203,2025-12-22 19:37:20.514718,2025-12-22 19:37:31.580750,0 days 00:00:11.066032,0.09,44,0.15,8,8,49,0.5948512818460733,0.09792691468511203,10,0.35522388059701493,0,COMPLETE
22,0.5254606951100163,0.5469160963227295,2025-12-22 19:37:31.582142,2025-12-22 19:37:42.350134,0 days 00:00:10.767992,0.06,20,0.24,18,6,28,0.5254606951100163,0.5469160963227295,18,0.4174129353233831,0,COMPLETE
23,0.5039378274097296,0.3536777556808779,2025-12-22 19:37:42.352262,2025-12-22 19:37:51.337627,0 days 00:00:08.985365,0.22,32,0.01,5,11,5,0.5039378274097296,0.3536777556808779,21,0.23134328358208955,0,COMPLETE
24,0.0,0.4575388842805368,2025-12-22 19:37:51.339506,2025-12-22 19:38:02.149000,0 days 00:00:10.809494,0.21,20,0.15,13,14,13,0.0,0.4575388842805368,2,0.0024875621890547263,0,COMPLETE
25,0.7385446574399419,0.2909002508711009,2025-12-22 19:38:02.150312,2025-12-22 19:38:10.590069,0 days 00:00:08.439757,0.01,31,0.22,6,7,3,0.7385446574399419,0.2909002508711009,14,0.21393034825870647,0,COMPLETE
26,0.5899927887273024,0.372602143923889,2025-12-22 19:38:10.591590,2025-12-22 19:38:21.227145,0 days 00:00:10.635555,0.3,46,0.19,7,9,29,0.5899927887273024,0.372602143923889,12,0.38656716417910447,0,COMPLETE
27,0.4042716956477628,0.5401194270252598,2025-12-22 19:38:21.228981,2025-12-22 19:38:32.344844,0 days 00:00:11.115863,0.04,3,0.2,6,8,33,0.4042716956477628,0.5401194270252598,75,0.3447761194029851,0,COMPLETE
28,0.49452915121926144,0.5253033435210585,2025-12-22 19:38:32.346519,2025-12-22 19:38:42.947222,0 days 00:00:10.600703,0.23,14,0.21,10,12,18,0.49452915121926144,0.5253033435210585,35,0.35870646766169156,0,COMPLETE
29,0.45416973813167294,0.5717063493099729,2025-12-22 19:38:42.948320,2025-12-22 19:38:54.343063,0 days 00:00:11.394743,0.18,2,0.24,12,14,24,0.45416973813167294,0.5717063493099729,44,0.40497512437810945,0,COMPLETE
30,0.7057085978293881,-0.16949365878078881,2025-12-22 19:38:54.344920,2025-12-22 19:39:03.808245,0 days 00:00:09.463325,0.0,35,0.18,3,2,17,0.7057085978293881,-0.16949365878078881,16,0.21592039800995025,0,COMPLETE
31,0.6055239692611966,0.38832626558280486,2025-12-22 19:39:03.810128,2025-12-22 19:39:13.957483,0 days 00:00:10.147355,0.01,43,0.08,8,10,17,0.6055239692611966,0.38832626558280486,12,0.22238805970149253,0,COMPLETE
32,0.5723468729934691,0.5955733762055279,2025-12-22 19:39:13.959417,2025-12-22 19:39:24.596879,0 days 00:00:10.637462,0.23,15,0.11,11,14,14,0.5723468729934691,0.5955733762055279,38,0.31393034825870647,0,COMPLETE
33,0.5259694449899543,0.43415377218452683,2025-12-22 19:39:24.598167,2025-12-22 19:39:35.921914,0 days 00:00:11.323747,0.24,19,0.3,10,11,39,0.5259694449899543,0.43415377218452683,17,0.34776119402985073,0,COMPLETE
34,0.561226693193829,0.27925286720971243,2025-12-22 19:39:35.923120,2025-12-22 19:39:45.829800,0 days 00:00:09.906680,0.24,48,0.26,13,4,22,0.561226693193829,0.27925286720971243,10,0.4129353233830846,0,COMPLETE
35,0.0,0.281157936500344,2025-12-22 19:39:45.832151,2025-12-22 19:39:56.153057,0 days 00:00:10.320906,0.04,14,0.28,18,10,15,0.0,0.281157936500344,2,0.009950248756218905,0,COMPLETE
36,0.5270732650363787,0.008238181798765096,2025-12-22 19:39:56.154479,2025-12-22 19:40:06.599363,0 days 00:00:10.444884,0.29,28,0.16,14,6,22,0.5270732650363787,0.008238181798765096,3,0.04029850746268657,0,COMPLETE
37,0.6853372997879558,0.3560676234122057,2025-12-22 19:40:06.600628,2025-12-22 19:40:16.551938,0 days 00:00:09.951310,0.1,42,0.16,15,10,14,0.6853372997879558,0.3560676234122057,8,0.2507462686567164,0,COMPLETE
38,0.4694714350861973,0.45006967083306065,2025-12-22 19:40:16.554204,2025-12-22 19:40:27.266380,0 days 00:00:10.712176,0.25,19,0.28,11,9,30,0.4694714350861973,0.45006967083306065,19,0.3517412935323383,0,COMPLETE
39,0.500408778842024,0.36665183241937527,2025-12-22 19:40:27.267580,2025-12-22 19:40:35.873038,0 days 00:00:08.605458,0.15,29,0.03,10,3,5,0.500408778842024,0.36665183241937527,23,0.1890547263681592,0,COMPLETE
40,0.0,-0.5413488547627011,2025-12-22 19:40:35.874800,2025-12-22 19:40:46.580967,0 days 00:00:10.706167,0.03,15,0.23,19,2,49,0.0,-0.5413488547627011,2,0.020398009950248756,0,COMPLETE
41,0.543547693364829,0.2990346001695888,2025-12-22 19:40:46.582987,2025-12-22 19:40:57.465931,0 days 00:00:10.882944,0.05,36,0.26,12,11,26,0.543547693364829,0.2990346001695888,11,0.39154228855721396,0,COMPLETE
42,0.5334995683881455,0.36293494431886564,2025-12-22 19:40:57.467166,2025-12-22 19:41:08.969751,0 days 00:00:11.502585,0.13,46,0.19,9,13,35,0.5334995683881455,0.36293494431886564,11,0.38308457711442784,0,COMPLETE
43,0.5472622015732428,0.37508836048103994,2025-12-22 19:41:08.971764,2025-12-22 19:41:18.931262,0 days 00:00:09.959498,0.29,43,0.1,17,11,12,0.5472622015732428,0.37508836048103994,10,0.24477611940298508,0,COMPLETE
44,0.0,0.570061590128716,2025-12-22 19:41:18.933151,2025-12-22 19:41:31.260794,0 days 00:00:12.327643,0.17,24,0.1,20,15,33,0.0,0.570061590128716,2,0.0024875621890547263,0,COMPLETE
45,0.6691394170724777,-0.018617670294512133,2025-12-22 19:41:31.262585,2025-12-22 19:41:42.152479,0 days 00:00:10.889894,0.18,43,0.15,3,5,49,0.6691394170724777,-0.018617670294512133,10,0.23532338308457712,0,COMPLETE
46,0.6512554706489265,0.37063990411204395,2025-12-22 19:41:42.154210,2025-12-22 19:41:53.040228,0 days 00:00:10.886018,0.08,31,0.24,16,10,32,0.6512554706489265,0.37063990411204395,14,0.41492537313432837,0,COMPLETE
47,0.6595016152024057,0.3195176713264663,2025-12-22 19:41:53.042170,2025-12-22 19:42:04.144454,0 days 00:00:11.102284,0.12,34,0.17,7,10,37,0.6595016152024057,0.3195176713264663,13,0.3044776119402985,0,COMPLETE
48,0.4923610648971712,0.5159246173782334,2025-12-22 19:42:04.146163,2025-12-22 19:42:17.157433,0 days 00:00:13.011270,0.0,5,0.08,7,14,46,0.4923610648971712,0.5159246173782334,61,0.3527363184079602,0,COMPLETE
49,0.5514179871068917,0.23259937126918837,2025-12-22 19:42:17.159347,2025-12-22 19:42:29.269707,0 days 00:00:12.110360,0.27,40,0.0,2,15,36,0.5514179871068917,0.23259937126918837,13,0.2019900497512438,0,COMPLETE
50,0.7027472863466906,0.4434095685445095,2025-12-22 19:42:29.271107,2025-12-22 19:42:40.128328,0 days 00:00:10.857221,0.08,36,0.28,11,10,32,0.7027472863466906,0.4434095685445095,10,0.3681592039800995,1,COMPLETE
51,0.560661661618068,0.4721834726313562,2025-12-22 19:42:40.129919,2025-12-22 19:42:51.303568,0 days 00:00:11.173649,0.2,9,0.16,16,9,44,0.560661661618068,0.4721834726313562,23,0.38159203980099504,1,COMPLETE
52,0.7651339660701999,0.4636635736183961,2025-12-22 19:42:51.304676,2025-12-22 19:43:02.006242,0 days 00:00:10.701566,0.01,42,0.1,20,7,33,0.7651339660701999,0.4636635736183961,10,0.4,1,COMPLETE
53,0.0,0.4506323940191908,2025-12-22 19:43:02.008223,2025-12-22 19:43:11.175398,0 days 00:00:09.167175,0.27,27,0.21,16,14,4,0.0,0.4506323940191908,2,0.07313432835820896,1,COMPLETE
54,0.5247161496696444,0.5316250405146961,2025-12-22 19:43:11.177441,2025-12-22 19:43:21.279918,0 days 00:00:10.102477,0.04,14,0.3,13,10,15,0.5247161496696444,0.5316250405146961,31,0.42686567164179107,1,COMPLETE
55,0.48971093330482174,0.49223252996828043,2025-12-22 19:43:21.281762,2025-12-22 19:43:33.043786,0 days 00:00:11.762024,0.27,7,0.16,8,13,39,0.48971093330482174,0.49223252996828043,39,0.3597014925373134,1,COMPLETE
56,0.0,0.2278137564205566,2025-12-22 19:43:33.045670,2025-12-22 19:43:43.666653,0 days 00:00:10.620983,0.07,18,0.16,18,5,28,0.0,0.2278137564205566,2,0.003482587064676617,1,COMPLETE
57,0.49431907337238734,0.1329059026534906,2025-12-22 19:43:43.668365,2025-12-22 19:43:55.836099,0 days 00:00:12.167734,0.27,19,0.28,2,15,36,0.49431907337238734,0.1329059026534906,29,0.27114427860696516,1,COMPLETE
58,0.46467271803921695,0.46015361751656503,2025-12-22 19:43:55.837908,2025-12-22 19:44:07.259665,0 days 00:00:11.421757,0.18,20,0.28,12,14,28,0.46467271803921695,0.46015361751656503,20,0.36716417910447763,1,COMPLETE
59,0.5565077959560998,0.5888999237236128,2025-12-22 19:44:07.261094,2025-12-22 19:44:18.371166,0 days 00:00:11.110072,0.0,5,0.28,12,14,21,0.5565077959560998,0.5888999237236128,40,0.4537313432835821,1,COMPLETE
60,0.5306038662835868,0.28766494791668423,2025-12-22 19:44:18.373005,2025-12-22 19:44:29.536573,0 days 00:00:11.163568,0.11,26,0.07,7,11,26,0.5306038662835868,0.28766494791668423,3,0.0024875621890547263,1,COMPLETE
61,0.7431288335438276,-0.20169284721687875,2025-12-22 19:44:29.538388,2025-12-22 19:44:37.781889,0 days 00:00:08.243501,0.27,29,0.15,19,2,3,0.7431288335438276,-0.20169284721687875,8,0.2044776119402985,1,COMPLETE
62,0.5263354266537066,0.5662923957576478,2025-12-22 19:44:37.783800,2025-12-22 19:44:48.487522,0 days 00:00:10.703722,0.2,9,0.06,10,11,19,0.5263354266537066,0.5662923957576478,48,0.2870646766169154,1,COMPLETE
63,0.4997520570759488,0.4412887886684526,2025-12-22 19:44:48.489343,2025-12-22 19:45:00.006284,0 days 00:00:11.516941,0.27,29,0.21,11,13,36,0.4997520570759488,0.4412887886684526,17,0.3781094527363184,1,COMPLETE
64,0.0,0.3811650556636976,2025-12-22 19:45:00.007747,2025-12-22 19:45:10.368698,0 days 00:00:10.360951,0.15,12,0.27,20,9,16,0.0,0.3811650556636976,2,0.016417910447761194,1,COMPLETE
65,0.4837914441814195,0.5488010733477932,2025-12-22 19:45:10.370708,2025-12-22 19:45:19.671213,0 days 00:00:09.300505,0.11,15,0.04,18,8,8,0.4837914441814195,0.5488010733477932,29,0.27562189054726366,1,COMPLETE
66,0.5770568095065823,0.25228248821822874,2025-12-22 19:45:19.673060,2025-12-22 19:45:30.661935,0 days 00:00:10.988875,0.27,40,0.08,2,15,17,0.5770568095065823,0.25228248821822874,17,0.18407960199004975,1,COMPLETE
67,0.480368851364801,0.5477973555842907,2025-12-22 19:45:30.663766,2025-12-22 19:45:40.471995,0 days 00:00:09.808229,0.18,2,0.24,14,4,18,0.480368851364801,0.5477973555842907,42,0.44776119402985076,1,COMPLETE
68,0.5530622116376169,0.42897204900562924,2025-12-22 19:45:40.473400,2025-12-22 19:45:50.601758,0 days 00:00:10.128358,0.02,15,0.3,19,4,29,0.5530622116376169,0.42897204900562924,16,0.44328358208955226,1,COMPLETE
69,0.4378481406587557,0.47998017043800334,2025-12-22 19:45:50.603613,2025-12-22 19:46:00.797602,0 days 00:00:10.193989,0.04,8,0.2,6,4,20,0.4378481406587557,0.47998017043800334,66,0.32288557213930347,1,COMPLETE
70,0.5037836498221884,0.4852178098831506,2025-12-22 19:46:00.799465,2025-12-22 19:46:12.736098,0 days 00:00:11.936633,0.08,24,0.3,12,15,33,0.5037836498221884,0.4852178098831506,16,0.373134328358209,1,COMPLETE
71,0.5928500876680118,0.357494370090232,2025-12-22 19:46:12.737904,2025-12-22 19:46:22.499946,0 days 00:00:09.762042,0.21,34,0.29,14,4,20,0.5928500876680118,0.357494370090232,12,0.3845771144278607,1,COMPLETE
72,0.5551748359714375,0.14360657050293796,2025-12-22 19:46:22.501831,2025-12-22 19:46:31.957856,0 days 00:00:09.456025,0.14,46,0.19,2,6,11,0.5551748359714375,0.14360657050293796,12,0.28308457711442786,1,COMPLETE
73,0.6113505360868056,0.44505410281878854,2025-12-22 19:46:31.959347,2025-12-22 19:46:42.886007,0 days 00:00:10.926660,0.07,7,0.28,8,6,40,0.6113505360868056,0.44505410281878854,40,0.44925373134328356,1,COMPLETE
74,0.599241227910995,0.3708195433032895,2025-12-22 19:46:42.887889,2025-12-22 19:46:53.542793,0 days 00:00:10.654904,0.3,46,0.18,7,9,29,0.599241227910995,0.3708195433032895,13,0.3572139303482587,1,COMPLETE
75,0.0,-0.5165040047530661,2025-12-22 19:46:53.544643,2025-12-22 19:47:03.284290,0 days 00:00:09.739647,0.08,31,0.24,3,2,17,0.0,-0.5165040047530661,2,0.019402985074626865,1,COMPLETE
76,0.7881636856223962,0.27811618780993924,2025-12-22 19:47:03.286013,2025-12-22 19:47:13.654880,0 days 00:00:10.368867,0.17,48,0.26,5,12,16,0.7881636856223962,0.27811618780993924,9,0.23980099502487562,1,COMPLETE
77,0.5753527272186464,0.48711754123670997,2025-12-22 19:47:13.656722,2025-12-22 19:47:23.941328,0 days 00:00:10.284606,0.08,15,0.12,7,4,29,0.5753527272186464,0.48711754123670997,36,0.3049751243781095,1,COMPLETE
78,0.5845894532966945,0.3681792086352534,2025-12-22 19:47:23.943180,2025-12-22 19:47:35.784171,0 days 00:00:11.840991,0.28,19,0.17,5,14,37,0.5845894532966945,0.3681792086352534,28,0.3044776119402985,1,COMPLETE
79,0.0,-0.23102547798992176,2025-12-22 19:47:35.785995,2025-12-22 19:47:45.333275,0 days 00:00:09.547280,0.1,29,0.16,15,2,14,0.0,-0.23102547798992176,2,0.0024875621890547263,1,COMPLETE
80,0.44835362693390546,0.5198717537149493,2025-12-22 19:47:45.335257,2025-12-22 19:47:56.099930,0 days 00:00:10.764673,0.27,3,0.02,8,6,29,0.44835362693390546,0.5198717537149493,48,0.22587064676616916,1,COMPLETE
81,0.4875380723180545,0.4675031107666852,2025-12-22 19:47:56.101400,2025-12-22 19:48:06.278061,0 days 00:00:10.176661,0.2,9,0.02,2,9,11,0.4875380723180545,0.4675031107666852,73,0.12587064676616916,1,COMPLETE
82,0.5181434333476989,0.5000654937245776,2025-12-22 19:48:06.279363,2025-12-22 19:48:17.399173,0 days 00:00:11.119810,0.27,13,0.16,8,11,30,0.5181434333476989,0.5000654937245776,36,0.3194029850746269,1,COMPLETE
83,0.7610308023865128,0.26197980611807475,2025-12-22 19:48:17.401161,2025-12-22 19:48:28.365947,0 days 00:00:10.964786,0.13,46,0.19,7,10,35,0.7610308023865128,0.26197980611807475,10,0.33482587064676617,1,COMPLETE
84,0.5543214690957241,0.4739947980125955,2025-12-22 19:48:28.367740,2025-12-22 19:48:39.580640,0 days 00:00:11.212900,0.19,12,0.27,5,9,41,0.5543214690957241,0.4739947980125955,38,0.3920398009950249,1,COMPLETE
85,0.6684550290276815,0.3122813876246584,2025-12-22 19:48:39.582432,2025-12-22 19:48:50.466067,0 days 00:00:10.883635,0.2,50,0.06,9,7,35,0.6684550290276815,0.3122813876246584,9,0.2228855721393035,1,COMPLETE
86,0.5589374241679469,0.43586848631833514,2025-12-22 19:48:50.467505,2025-12-22 19:49:01.098062,0 days 00:00:10.630557,0.08,15,0.14,7,4,43,0.5589374241679469,0.43586848631833514,34,0.345273631840796,1,COMPLETE
87,0.0,0.7222644434555083,2025-12-22 19:49:01.099947,2025-12-22 19:49:12.745553,0 days 00:00:11.645606,0.21,28,0.07,14,15,22,0.0,0.7222644434555083,2,0.0024875621890547263,1,COMPLETE
88,0.5927398383099158,0.4068853213687336,2025-12-22 19:49:12.747301,2025-12-22 19:49:23.544777,0 days 00:00:10.797476,0.22,23,0.01,5,9,29,0.5927398383099158,0.4068853213687336,28,0.21243781094527364,1,COMPLETE
89,0.0,0.5279977955901544,2025-12-22 19:49:23.546287,2025-12-22 19:49:34.355814,0 days 00:00:10.809527,0.23,20,0.21,10,12,18,0.0,0.5279977955901544,2,0.004477611940298508,1,COMPLETE
90,0.659065834870385,0.38580327432647715,2025-12-22 19:49:34.357224,2025-12-22 19:49:44.192332,0 days 00:00:09.835108,0.2,35,0.07,20,3,24,0.659065834870385,0.38580327432647715,12,0.354726368159204,1,COMPLETE
91,0.5421643076500666,0.45520471480491764,2025-12-22 19:49:44.194232,2025-12-22 19:49:54.924217,0 days 00:00:10.729985,0.2,9,0.22,6,5,34,0.5421643076500666,0.45520471480491764,53,0.39552238805970147,1,COMPLETE
92,0.5609168461857184,0.562326013588096,2025-12-22 19:49:54.926203,2025-12-22 19:50:06.072990,0 days 00:00:11.146787,0.18,5,0.08,12,14,21,0.5609168461857184,0.562326013588096,41,0.33681592039800995,1,COMPLETE
93,0.4585137565590003,0.48260869784471083,2025-12-22 19:50:06.074815,2025-12-22 19:50:17.152653,0 days 00:00:11.077838,0.2,9,0.04,7,5,46,0.4585137565590003,0.48260869784471083,47,0.2746268656716418,1,COMPLETE
94,0.5993314659865142,0.32167701476621297,2025-12-22 19:50:17.154453,2025-12-22 19:50:28.692888,0 days 00:00:11.538435,0.12,45,0.17,11,13,37,0.5993314659865142,0.32167701476621297,10,0.32935323383084575,1,COMPLETE
95,0.6010861390772165,0.3184800722081878,2025-12-22 19:50:28.694284,2025-12-22 19:50:39.999182,0 days 00:00:11.304898,0.01,43,0.16,8,13,30,0.6010861390772165,0.3184800722081878,10,0.2835820895522388,1,COMPLETE
96,0.5789652465166713,0.4546449857163049,2025-12-22 19:50:40.000903,2025-12-22 19:50:50.864880,0 days 00:00:10.863977,0.23,10,0.21,10,5,46,0.5789652465166713,0.4546449857163049,34,0.4407960199004975,1,COMPLETE
97,0.5513383456763585,0.2678192114131118,2025-12-22 19:50:50.866643,2025-12-22 19:51:01.371971,0 days 00:00:10.505328,0.29,28,0.3,4,6,29,0.5513383456763585,0.2678192114131118,19,0.36218905472636814,1,COMPLETE
98,0.46699543073100763,0.605599234350829,2025-12-22 19:51:01.373614,2025-12-22 19:51:11.756863,0 days 00:00:10.383249,0.24,2,0.16,12,5,24,0.46699543073100763,0.605599234350829,50,0.427363184079602,1,COMPLETE
99,0.9042562279521016,0.2796650659962502,2025-12-22 19:51:11.758702,2025-12-22 19:51:22.515554,0 days 00:00:10.756852,0.05,44,0.26,20,11,26,0.9042562279521016,0.2796650659962502,6,0.49701492537313435,1,COMPLETE
100,0.4980843336579481,0.26528428472939697,2025-12-22 19:51:22.517266,2025-12-22 19:51:32.968940,0 days 00:00:10.451674,0.3,28,0.28,8,6,29,0.4980843336579481,0.26528428472939697,15,0.3283582089552239,2,COMPLETE
101,0.5422626257541614,0.5802487086198811,2025-12-22 19:51:32.970349,2025-12-22 19:51:44.866173,0 days 00:00:11.895824,0.14,10,0.02,20,15,32,0.5422626257541614,0.5802487086198811,24,0.3238805970149254,2,COMPLETE
102,0.0,0.18130417688797323,2025-12-22 19:51:44.867513,2025-12-22 19:51:54.481544,0 days 00:00:09.614031,0.12,31,0.19,17,15,5,0.0,0.18130417688797323,2,0.014925373134328358,2,COMPLETE
