number,values_0,values_1,datetime_start,datetime_complete,duration,params_cluster_selection_epsilon,params_min_cluster_size,params_min_dist,params_min_samples,params_n_components,params_n_neighbors,user_attrs_ccc_score,user_attrs_dbcv_score,user_attrs_n_clusters,user_attrs_outlier_ratio,system_attrs_NSGAIISampler:generation,state
0,0.0,0.8657794485696572,2025-12-22 19:37:54.263051,2025-12-22 19:38:11.137953,0 days 00:00:16.874902,0.05,41,0.19,3,7,18,0.0,0.8657794485696572,2,0.0,0,COMPLETE
1,0.0,0.8385386708203247,2025-12-22 19:38:11.139397,2025-12-22 19:38:20.830485,0 days 00:00:09.691088,0.01,42,0.14,7,2,17,0.0,0.8385386708203247,2,0.0,0,COMPLETE
2,0.0,0.9333010088546118,2025-12-22 19:38:20.832546,2025-12-22 19:38:32.132921,0 days 00:00:11.300375,0.12,49,0.08,2,11,30,0.0,0.9333010088546118,2,0.0,0,COMPLETE
3,0.0,0.9356713888044967,2025-12-22 19:38:32.134287,2025-12-22 19:38:43.534845,0 days 00:00:11.400558,0.05,39,0.11,17,9,41,0.0,0.9356713888044967,2,0.0,0,COMPLETE
4,0.41577729911722056,0.43280753374745246,2025-12-22 19:38:43.536584,2025-12-22 19:38:54.600035,0 days 00:00:11.063451,0.09,5,0.2,2,8,17,0.41577729911722056,0.43280753374745246,114,0.1701492537313433,0,COMPLETE
5,0.4884920987248704,0.43228391409623673,2025-12-22 19:38:54.601531,2025-12-22 19:39:03.115698,0 days 00:00:08.514167,0.06,42,0.08,8,2,4,0.4884920987248704,0.43228391409623673,19,0.2870646766169154,0,COMPLETE
6,0.49344021468132293,0.5620662679798908,2025-12-22 19:39:03.117591,2025-12-22 19:39:13.728862,0 days 00:00:10.611271,0.13,7,0.18,6,10,17,0.49344021468132293,0.5620662679798908,62,0.2572139303482587,0,COMPLETE
7,0.0,0.9288973539992814,2025-12-22 19:39:13.730381,2025-12-22 19:39:25.319161,0 days 00:00:11.588780,0.24,27,0.15,19,15,21,0.0,0.9288973539992814,2,0.0,0,COMPLETE
8,0.0,0.9043432271117015,2025-12-22 19:39:25.320726,2025-12-22 19:39:35.692560,0 days 00:00:10.371834,0.24,18,0.29,3,14,10,0.0,0.9043432271117015,2,0.0,0,COMPLETE
9,0.0,0.924402453319039,2025-12-22 19:39:35.694640,2025-12-22 19:39:46.933743,0 days 00:00:11.239103,0.15,14,0.13,12,6,45,0.0,0.924402453319039,2,0.0,0,COMPLETE
10,0.0,0.9120787747822362,2025-12-22 19:39:46.934993,2025-12-22 19:39:57.541606,0 days 00:00:10.606613,0.08,45,0.25,3,15,11,0.0,0.9120787747822362,2,0.0,0,COMPLETE
11,0.0,0.8696550636546037,2025-12-22 19:39:57.542997,2025-12-22 19:40:07.826394,0 days 00:00:10.283397,0.22,30,0.07,13,11,12,0.0,0.8696550636546037,2,0.0,0,COMPLETE
12,0.0,0.9214493100889963,2025-12-22 19:40:07.828225,2025-12-22 19:40:17.952167,0 days 00:00:10.123942,0.18,44,0.07,17,4,19,0.0,0.9214493100889963,2,0.0,0,COMPLETE
13,0.4062332203327433,0.4612868148385734,2025-12-22 19:40:17.953420,2025-12-22 19:40:29.576275,0 days 00:00:11.622855,0.02,4,0.2,1,8,12,0.4062332203327433,0.4612868148385734,177,0.14228855721393036,0,COMPLETE
14,0.5518630494758067,0.44957832963367783,2025-12-22 19:40:29.577699,2025-12-22 19:40:39.177691,0 days 00:00:09.599992,0.02,35,0.02,13,6,11,0.5518630494758067,0.44957832963367783,17,0.17412935323383086,0,COMPLETE
15,0.0,0.6172745714739403,2025-12-22 19:40:39.179426,2025-12-22 19:40:48.768393,0 days 00:00:09.588967,0.19,45,0.23,13,2,15,0.0,0.6172745714739403,2,0.0,0,COMPLETE
16,0.5967375673761549,0.47672476222099114,2025-12-22 19:40:48.769664,2025-12-22 19:40:59.094071,0 days 00:00:10.324407,0.22,23,0.08,6,8,20,0.5967375673761549,0.47672476222099114,25,0.20845771144278608,0,COMPLETE
17,0.0,0.9200128311169226,2025-12-22 19:40:59.095456,2025-12-22 19:41:10.318553,0 days 00:00:11.223097,0.21,30,0.24,1,14,20,0.0,0.9200128311169226,2,0.0,0,COMPLETE
18,0.5603245957612385,0.5579983661128216,2025-12-22 19:41:10.320088,2025-12-22 19:41:22.321551,0 days 00:00:12.001463,0.11,15,0.02,10,14,39,0.5603245957612385,0.5579983661128216,30,0.25472636815920396,0,COMPLETE
19,0.0,0.9263569421495155,2025-12-22 19:41:22.323345,2025-12-22 19:41:33.291453,0 days 00:00:10.968108,0.06,19,0.04,12,4,48,0.0,0.9263569421495155,2,0.0,0,COMPLETE
20,0.0,0.9540132557823671,2025-12-22 19:41:33.293264,2025-12-22 19:41:44.708603,0 days 00:00:11.415339,0.04,6,0.03,12,10,38,0.0,0.9540132557823671,2,0.0,0,COMPLETE
21,0.0,0.8726739865699998,2025-12-22 19:41:44.709881,2025-12-22 19:41:54.802231,0 days 00:00:10.092350,0.02,24,0.3,5,15,7,0.0,0.8726739865699998,2,0.0,0,COMPLETE
22,0.0,0.9149145065446769,2025-12-22 19:41:54.803509,2025-12-22 19:42:04.999108,0 days 00:00:10.195599,0.12,35,0.14,16,10,13,0.0,0.9149145065446769,2,0.0,0,COMPLETE
23,0.6005565166797271,0.26228002204945433,2025-12-22 19:42:05.000682,2025-12-22 19:42:15.713865,0 days 00:00:10.713183,0.06,7,0.23,10,7,2,0.6005565166797271,0.26228002204945433,60,0.4761194029850746,0,COMPLETE
24,0.0,0.9290003211698098,2025-12-22 19:42:15.715637,2025-12-22 19:42:27.171330,0 days 00:00:11.455693,0.06,44,0.22,6,14,23,0.0,0.9290003211698098,2,0.0,0,COMPLETE
25,0.0,0.9316759739631,2025-12-22 19:42:27.173145,2025-12-22 19:42:39.012896,0 days 00:00:11.839751,0.19,27,0.03,18,15,25,0.0,0.9316759739631,2,0.0,0,COMPLETE
26,0.0,0.9276102200953105,2025-12-22 19:42:39.014923,2025-12-22 19:42:51.753849,0 days 00:00:12.738926,0.26,50,0.29,3,15,46,0.0,0.9276102200953105,2,0.0,0,COMPLETE
27,0.0,0.9418248429617044,2025-12-22 19:42:51.755291,2025-12-22 19:43:04.347167,0 days 00:00:12.591876,0.15,37,0.21,14,15,41,0.0,0.9418248429617044,2,0.0,0,COMPLETE
28,0.7118200729689322,0.36890800980345645,2025-12-22 19:43:04.348960,2025-12-22 19:43:15.657600,0 days 00:00:11.308640,0.25,41,0.0,2,11,34,0.7118200729689322,0.36890800980345645,15,0.12736318407960198,0,COMPLETE
29,0.0,0.09788997758462187,2025-12-22 19:43:15.659205,2025-12-22 19:43:26.552886,0 days 00:00:10.893681,0.14,47,0.02,19,12,2,0.0,0.09788997758462187,2,0.1626865671641791,0,COMPLETE
30,0.4447874069755406,0.5228231201736075,2025-12-22 19:43:26.554697,2025-12-22 19:43:36.267671,0 days 00:00:09.712974,0.05,8,0.09,2,10,4,0.4447874069755406,0.5228231201736075,110,0.12786069651741294,0,COMPLETE
31,0.0,0.8876628085492843,2025-12-22 19:43:36.269338,2025-12-22 19:43:46.216046,0 days 00:00:09.946708,0.13,40,0.23,11,7,11,0.0,0.8876628085492843,2,0.0,0,COMPLETE
32,0.0,0.937158471597484,2025-12-22 19:43:46.217434,2025-12-22 19:43:57.797489,0 days 00:00:11.580055,0.16,42,0.22,17,9,45,0.0,0.937158471597484,2,0.0,0,COMPLETE
33,0.0,0.9184645144322869,2025-12-22 19:43:57.798755,2025-12-22 19:44:09.625392,0 days 00:00:11.826637,0.01,47,0.21,6,15,24,0.0,0.9184645144322869,2,0.0,0,COMPLETE
34,0.0,0.9312846563079682,2025-12-22 19:44:09.627243,2025-12-22 19:44:21.197723,0 days 00:00:11.570480,0.03,45,0.15,14,8,49,0.0,0.9312846563079682,2,0.0,0,COMPLETE
35,0.0,0.8897718324856352,2025-12-22 19:44:21.200345,2025-12-22 19:44:32.702120,0 days 00:00:11.501775,0.1,12,0.25,9,7,42,0.0,0.8897718324856352,2,0.0,0,COMPLETE
36,0.0,0.8890330689442698,2025-12-22 19:44:32.703897,2025-12-22 19:44:43.117468,0 days 00:00:10.413571,0.01,7,0.26,13,9,14,0.0,0.8890330689442698,2,0.0,0,COMPLETE
37,0.0,0.770733983969518,2025-12-22 19:44:43.118858,2025-12-22 19:44:53.634906,0 days 00:00:10.516048,0.16,25,0.24,19,2,38,0.0,0.770733983969518,2,0.0,0,COMPLETE
38,0.5694097828819327,0.41747725775749095,2025-12-22 19:44:53.636387,2025-12-22 19:45:01.981615,0 days 00:00:08.345228,0.05,29,0.03,3,3,3,0.5694097828819327,0.41747725775749095,29,0.1761194029850746,0,COMPLETE
39,0.0,0.943049936266981,2025-12-22 19:45:01.983493,2025-12-22 19:45:14.858702,0 days 00:00:12.875209,0.07,38,0.2,7,15,50,0.0,0.943049936266981,2,0.0,0,COMPLETE
40,0.720409578964507,0.4539538642456041,2025-12-22 19:45:14.860505,2025-12-22 19:45:24.640828,0 days 00:00:09.780323,0.27,44,0.01,9,9,11,0.720409578964507,0.4539538642456041,14,0.10845771144278607,0,COMPLETE
41,0.0,0.9230763404513168,2025-12-22 19:45:24.642227,2025-12-22 19:45:36.161560,0 days 00:00:11.519333,0.3,13,0.3,11,12,31,0.0,0.9230763404513168,2,0.0,0,COMPLETE
42,0.0,0.1439059924008982,2025-12-22 19:45:36.162982,2025-12-22 19:45:45.706813,0 days 00:00:09.543831,0.01,29,0.22,9,14,5,0.0,0.1439059924008982,2,0.0029850746268656717,0,COMPLETE
43,0.0,0.9158857507979137,2025-12-22 19:45:45.708354,2025-12-22 19:45:56.201892,0 days 00:00:10.493538,0.19,45,0.12,4,9,18,0.0,0.9158857507979137,2,0.0,0,COMPLETE
44,0.0,0.9344926568511195,2025-12-22 19:45:56.203847,2025-12-22 19:46:07.972229,0 days 00:00:11.768382,0.27,34,0.21,4,9,50,0.0,0.9344926568511195,2,0.0,0,COMPLETE
45,0.0,0.9564235348936171,2025-12-22 19:46:07.974021,2025-12-22 19:46:20.164591,0 days 00:00:12.190570,0.18,46,0.1,9,13,44,0.0,0.9564235348936171,2,0.0,0,COMPLETE
46,0.0,0.08163880675181115,2025-12-22 19:46:20.165630,2025-12-22 19:46:29.219885,0 days 00:00:09.054255,0.3,25,0.17,18,8,5,0.0,0.08163880675181115,2,0.0,0,COMPLETE
47,0.0,0.9514127244684338,2025-12-22 19:46:29.221380,2025-12-22 19:46:40.643616,0 days 00:00:11.422236,0.3,44,0.04,7,7,42,0.0,0.9514127244684338,2,0.0,0,COMPLETE
48,0.5711463561937529,0.505486379209699,2025-12-22 19:46:40.645412,2025-12-22 19:46:50.847788,0 days 00:00:10.202376,0.01,15,0.12,6,2,29,0.5711463561937529,0.505486379209699,40,0.24825870646766168,0,COMPLETE
49,0.49400920705216333,0.5893082118936978,2025-12-22 19:46:50.849107,2025-12-22 19:47:01.808501,0 days 00:00:10.959394,0.25,8,0.05,7,7,28,0.49400920705216333,0.5893082118936978,46,0.19751243781094527,0,COMPLETE
50,0.7380691583634187,0.46770836070392247,2025-12-22 19:47:01.809556,2025-12-22 19:47:12.255711,0 days 00:00:10.446155,0.15,37,0.02,13,15,11,0.7380691583634187,0.46770836070392247,13,0.13432835820895522,1,COMPLETE
51,0.4828315465824895,0.34687756097793665,2025-12-22 19:47:12.256893,2025-12-22 19:47:22.183938,0 days 00:00:09.927045,0.02,13,0.2,1,6,11,0.4828315465824895,0.34687756097793665,53,0.14626865671641792,1,COMPLETE
52,0.0,0.919888042637802,2025-12-22 19:47:22.185216,2025-12-22 19:47:33.937055,0 days 00:00:11.751839,0.19,6,0.27,18,10,49,0.0,0.919888042637802,2,0.0,1,COMPLETE
53,0.30397315022166865,0.530798959991751,2025-12-22 19:47:33.938447,2025-12-22 19:47:53.170951,0 days 00:00:19.232504,0.05,2,0.09,1,10,12,0.30397315022166865,0.530798959991751,465,0.13681592039800994,1,COMPLETE
54,0.0,0.8810700336147885,2025-12-22 19:47:53.172563,2025-12-22 19:48:02.994365,0 days 00:00:09.821802,0.23,45,0.13,2,6,11,0.0,0.8810700336147885,2,0.0,1,COMPLETE
55,0.0,0.9394783390233334,2025-12-22 19:48:02.996164,2025-12-22 19:48:15.562884,0 days 00:00:12.566720,0.26,39,0.24,3,15,41,0.0,0.9394783390233334,2,0.0,1,COMPLETE
56,0.0,0.8798876237769941,2025-12-22 19:48:15.564848,2025-12-22 19:48:26.137688,0 days 00:00:10.572840,0.18,44,0.07,17,9,19,0.0,0.8798876237769941,2,0.0,1,COMPLETE
57,0.0,0.9518553120215876,2025-12-22 19:48:26.138644,2025-12-22 19:48:38.775725,0 days 00:00:12.637081,0.15,45,0.13,14,15,41,0.0,0.9518553120215876,2,0.0,1,COMPLETE
58,0.6069065499650095,0.44679103946715715,2025-12-22 19:48:38.777451,2025-12-22 19:48:49.047785,0 days 00:00:10.270334,0.21,27,0.03,6,5,25,0.6069065499650095,0.44679103946715715,19,0.13880597014925372,1,COMPLETE
59,0.0,0.11506240569344678,2025-12-22 19:48:49.049748,2025-12-22 19:48:59.439431,0 days 00:00:10.389683,0.06,39,0.11,11,9,2,0.0,0.11506240569344678,2,0.3044776119402985,1,COMPLETE
60,0.5115386471338103,0.47511794845726407,2025-12-22 19:48:59.441251,2025-12-22 19:49:10.490233,0 days 00:00:11.048982,0.25,8,0.12,6,7,29,0.5115386471338103,0.47511794845726407,51,0.23980099502487562,1,COMPLETE
61,0.0,0.8829741470416222,2025-12-22 19:49:10.492030,2025-12-22 19:49:21.486498,0 days 00:00:10.994468,0.25,15,0.3,7,7,28,0.0,0.8829741470416222,2,0.0,1,COMPLETE
62,0.0,0.9471518690978744,2025-12-22 19:49:21.488165,2025-12-22 19:49:34.369952,0 days 00:00:12.881787,0.01,38,0.14,3,15,50,0.0,0.9471518690978744,2,0.0,1,COMPLETE
63,0.0,0.9064232925409602,2025-12-22 19:49:34.371762,2025-12-22 19:49:45.935894,0 days 00:00:11.564132,0.26,50,0.29,18,14,25,0.0,0.9064232925409602,2,0.0,1,COMPLETE
64,0.0,0.8657794485696572,2025-12-22 19:49:45.937747,2025-12-22 19:49:56.422762,0 days 00:00:10.485015,0.05,41,0.19,3,7,18,0.0,0.8657794485696572,2,0.0,1,COMPLETE
65,0.0,0.020984436956885375,2025-12-22 19:49:56.424441,2025-12-22 19:50:05.043447,0 days 00:00:08.619006,0.01,42,0.3,7,2,4,0.0,0.020984436956885375,2,0.011940298507462687,1,COMPLETE
66,0.0,0.8598464457248463,2025-12-22 19:50:05.045193,2025-12-22 19:50:15.128098,0 days 00:00:10.082905,0.12,7,0.23,16,7,13,0.0,0.8598464457248463,2,0.0,1,COMPLETE
67,0.0,0.865728547591548,2025-12-22 19:50:15.129915,2025-12-22 19:50:24.907600,0 days 00:00:09.777685,0.3,35,0.22,13,6,11,0.0,0.865728547591548,2,0.0,1,COMPLETE
68,0.0,0.9194886657373401,2025-12-22 19:50:24.909468,2025-12-22 19:50:36.403377,0 days 00:00:11.493909,0.19,41,0.21,2,11,34,0.0,0.9194886657373401,2,0.0,1,COMPLETE
69,0.0,0.9436317481244901,2025-12-22 19:50:36.405175,2025-12-22 19:50:48.392517,0 days 00:00:11.987342,0.16,14,0.13,12,12,45,0.0,0.9436317481244901,2,0.0,1,COMPLETE
70,0.0,0.010681020737657223,2025-12-22 19:50:48.393803,2025-12-22 19:50:58.810401,0 days 00:00:10.416598,0.06,27,0.03,10,7,2,0.0,0.010681020737657223,2,0.3124378109452736,1,COMPLETE
71,0.0,0.6172745714739403,2025-12-22 19:50:58.812426,2025-12-22 19:51:08.448195,0 days 00:00:09.635769,0.19,50,0.23,13,2,15,0.0,0.6172745714739403,2,0.0,1,COMPLETE
72,0.0,0.9309007548251071,2025-12-22 19:51:08.449369,2025-12-22 19:51:20.971819,0 days 00:00:12.522450,0.11,27,0.29,18,15,39,0.0,0.9309007548251071,2,0.0,1,COMPLETE
73,0.0,0.9541478530523735,2025-12-22 19:51:20.973037,2025-12-22 19:51:33.015687,0 days 00:00:12.042650,0.18,46,0.11,9,13,41,0.0,0.9541478530523735,2,0.0,1,COMPLETE
74,0.0,0.9363630033062381,2025-12-22 19:51:33.016944,2025-12-22 19:51:44.440879,0 days 00:00:11.423935,0.3,40,0.08,9,11,31,0.0,0.9363630033062381,2,0.0,1,COMPLETE
75,0.5438836365808732,0.35058649844059264,2025-12-22 19:51:44.442129,2025-12-22 19:51:54.505766,0 days 00:00:10.063637,0.22,41,0.0,2,8,15,0.5438836365808732,0.35058649844059264,20,0.19402985074626866,1,COMPLETE
76,0.0,0.9219152867691185,2025-12-22 19:51:54.507540,2025-12-22 19:52:06.156512,0 days 00:00:11.648972,0.05,42,0.22,17,10,45,0.0,0.9219152867691185,2,0.0,1,COMPLETE
77,0.0,0.9383737078419182,2025-12-22 19:52:06.158466,2025-12-22 19:52:17.834504,0 days 00:00:11.676038,0.13,44,0.02,6,14,24,0.0,0.9383737078419182,2,0.0,1,COMPLETE
78,0.0,0.9344739035787165,2025-12-22 19:52:17.836202,2025-12-22 19:52:29.594944,0 days 00:00:11.758742,0.26,38,0.2,3,15,22,0.0,0.9344739035787165,2,0.0,1,COMPLETE
79,0.7779458300109655,0.4712823716967355,2025-12-22 19:52:29.596395,2025-12-22 19:52:39.676191,0 days 00:00:10.079796,0.27,44,0.01,14,13,11,0.7779458300109655,0.4712823716967355,11,0.0890547263681592,1,COMPLETE
80,0.4342330815748235,0.5649475767556706,2025-12-22 19:52:39.677505,2025-12-22 19:52:50.911052,0 days 00:00:11.233547,0.04,6,0.03,3,10,18,0.4342330815748235,0.5649475767556706,105,0.15920398009950248,1,COMPLETE
81,0.3933928330143787,0.41209024130512123,2025-12-22 19:52:50.912480,2025-12-22 19:53:02.366069,0 days 00:00:11.453589,0.25,5,0.2,2,8,34,0.3933928330143787,0.41209024130512123,89,0.17313432835820897,1,COMPLETE
82,0.0,0.8766999463962335,2025-12-22 19:53:02.367970,2025-12-22 19:53:12.428951,0 days 00:00:10.060981,0.22,8,0.09,14,3,21,0.0,0.8766999463962335,2,0.0,1,COMPLETE
83,0.0,0.9312846563079682,2025-12-22 19:53:12.430287,2025-12-22 19:53:23.941495,0 days 00:00:11.511208,0.03,30,0.15,1,8,49,0.0,0.9312846563079682,2,0.0,1,COMPLETE
84,0.0,0.7856976534064822,2025-12-22 19:53:23.943368,2025-12-22 19:53:33.574543,0 days 00:00:09.631175,0.25,3,0.1,14,2,15,0.0,0.7856976534064822,2,0.0,1,COMPLETE
85,0.5100327706789677,0.4486750725326001,2025-12-22 19:53:33.576359,2025-12-22 19:53:43.994320,0 days 00:00:10.417961,0.09,18,0.13,3,14,10,0.5100327706789677,0.4486750725326001,37,0.12736318407960198,1,COMPLETE
86,0.0,0.8903254161343792,2025-12-22 19:53:43.995902,2025-12-22 19:53:54.546104,0 days 00:00:10.550202,0.24,47,0.29,3,15,10,0.0,0.8903254161343792,2,0.0,1,COMPLETE
87,0.0,0.8410257416051373,2025-12-22 19:53:54.547358,2025-12-22 19:54:04.561534,0 days 00:00:10.014176,0.16,8,0.22,17,5,16,0.0,0.8410257416051373,2,0.0,1,COMPLETE
88,0.0,0.9139072582251275,2025-12-22 19:54:04.562776,2025-12-22 19:54:15.603846,0 days 00:00:11.041070,0.09,5,0.2,9,8,34,0.0,0.9139072582251275,2,0.0,1,COMPLETE
89,0.0,0.9108273196353927,2025-12-22 19:54:15.605797,2025-12-22 19:54:27.170106,0 days 00:00:11.564309,0.02,24,0.3,7,15,20,0.0,0.9108273196353927,2,0.0,1,COMPLETE
90,0.0,0.9109429340928468,2025-12-22 19:54:27.171382,2025-12-22 19:54:37.341168,0 days 00:00:10.169786,0.12,35,0.28,17,10,13,0.0,0.9109429340928468,2,0.0,1,COMPLETE
91,0.0,0.9474303745706942,2025-12-22 19:54:37.342418,2025-12-22 19:54:49.500138,0 days 00:00:12.157720,0.15,14,0.1,9,13,45,0.0,0.9474303745706942,2,0.0,1,COMPLETE
92,0.0,0.9193291527900823,2025-12-22 19:54:49.501613,2025-12-22 19:55:00.975488,0 days 00:00:11.473875,0.04,7,0.23,12,10,38,0.0,0.9193291527900823,2,0.0,1,COMPLETE
93,0.0,0.9368628465330058,2025-12-22 19:55:00.976744,2025-12-22 19:55:12.829569,0 days 00:00:11.852825,0.05,38,0.2,7,10,50,0.0,0.9368628465330058,2,0.0,1,COMPLETE
94,0.0,0.9300128934994405,2025-12-22 19:55:12.830800,2025-12-22 19:55:24.633728,0 days 00:00:11.802928,0.19,27,0.08,8,15,25,0.0,0.9300128934994405,2,0.0,1,COMPLETE
95,0.0,0.9171536780880003,2025-12-22 19:55:24.635115,2025-12-22 19:55:35.695675,0 days 00:00:11.060560,0.08,45,0.04,12,4,50,0.0,0.9171536780880003,2,0.0,1,COMPLETE
96,0.0,0.9505574432717591,2025-12-22 19:55:35.697478,2025-12-22 19:55:47.971089,0 days 00:00:12.273611,0.29,41,0.0,13,15,34,0.0,0.9505574432717591,2,0.0,1,COMPLETE
97,0.6169556765287157,0.4298831383048053,2025-12-22 19:55:47.972924,2025-12-22 19:55:58.665277,0 days 00:00:10.692353,0.19,27,0.03,4,9,25,0.6169556765287157,0.4298831383048053,26,0.2054726368159204,1,COMPLETE
98,0.0,0.9275490726913176,2025-12-22 19:55:58.666569,2025-12-22 19:56:09.678032,0 days 00:00:11.011463,0.08,44,0.11,17,13,19,0.0,0.9275490726913176,2,0.0,1,COMPLETE
99,0.0,0.9596949607130412,2025-12-22 19:56:09.679785,2025-12-22 19:56:21.130422,0 days 00:00:11.450637,0.27,44,0.01,12,9,42,0.0,0.9596949607130412,2,0.0,1,COMPLETE
100,0.0,0.9568795510053003,2025-12-22 19:56:21.132014,2025-12-22 19:56:33.482120,0 days 00:00:12.350106,0.18,38,0.02,10,14,44,0.0,0.9568795510053003,2,0.0,2,COMPLETE
101,0.6066033318526146,0.4068062338206209,2025-12-22 19:56:33.484378,2025-12-22 19:56:43.181647,0 days 00:00:09.697269,0.01,24,0.12,6,12,8,0.6066033318526146,0.4068062338206209,26,0.14875621890547264,2,COMPLETE
102,0.0,0.8491240987044023,2025-12-22 19:56:43.183528,2025-12-22 19:56:53.787848,0 days 00:00:10.604320,0.18,44,0.1,7,2,43,0.0,0.8491240987044023,2,0.0,2,COMPLETE
103,0.4493329924546756,0.6057209871030077,2025-12-22 19:56:53.789131,2025-12-22 19:57:02.253699,0 days 00:00:08.464568,0.06,7,0.08,18,2,4,0.4493329924546756,0.6057209871030077,34,0.3716417910447761,2,COMPLETE
104,0.0,0.908205624808672,2025-12-22 19:57:02.255088,2025-12-22 19:57:13.261922,0 days 00:00:11.006834,0.01,15,0.12,6,7,29,0.0,0.908205624808672,2,0.0,2,COMPLETE
105,0.5585739478192844,0.3425838244301324,2025-12-22 19:57:13.263762,2025-12-22 19:57:23.525541,0 days 00:00:10.261779,0.21,33,0.03,4,5,25,0.5585739478192844,0.3425838244301324,17,0.13233830845771144,2,COMPLETE
106,0.0,0.9607601227823008,2025-12-22 19:57:23.527336,2025-12-22 19:57:36.082635,0 days 00:00:12.555299,0.26,39,0.02,10,15,39,0.0,0.9607601227823008,2,0.0,2,COMPLETE
107,0.0,0.9368628465330058,2025-12-22 19:57:36.084040,2025-12-22 19:57:47.920987,0 days 00:00:11.836947,0.18,46,0.2,9,10,50,0.0,0.9368628465330058,2,0.0,2,COMPLETE
108,0.7868195496117706,0.1546586744141496,2025-12-22 19:57:47.922695,2025-12-22 19:57:59.811477,0 days 00:00:11.888782,0.25,41,0.0,2,11,50,0.7868195496117706,0.1546586744141496,11,0.07114427860696518,2,COMPLETE
109,0.6544728289619575,0.5353431301385002,2025-12-22 19:57:59.813178,2025-12-22 19:58:10.404186,0 days 00:00:10.591008,0.18,27,0.04,18,7,25,0.6544728289619575,0.5353431301385002,18,0.2835820895522388,2,COMPLETE
110,0.6993512819596597,0.1885449549465247,2025-12-22 19:58:10.405585,2025-12-22 19:58:21.156501,0 days 00:00:10.750916,0.08,39,0.02,3,5,39,0.6993512819596597,0.1885449549465247,14,0.09353233830845771,2,COMPLETE
111,0.0,0.9518553120215876,2025-12-22 19:58:21.157817,2025-12-22 19:58:33.758068,0 days 00:00:12.600251,0.15,45,0.13,3,15,41,0.0,0.9518553120215876,2,0.0,2,COMPLETE
112,0.0,0.9243180762872736,2025-12-22 19:58:33.759865,2025-12-22 19:58:44.209336,0 days 00:00:10.449471,0.22,23,0.11,9,8,20,0.0,0.9243180762872736,2,0.0,2,COMPLETE
113,0.45312579627257893,0.4271524810225655,2025-12-22 19:58:44.210813,2025-12-22 19:58:55.370524,0 days 00:00:11.159711,0.15,37,0.02,3,15,18,0.45312579627257893,0.4271524810225655,19,0.14875621890547264,2,COMPLETE
114,0.0,0.9518334248573788,2025-12-22 19:58:55.372266,2025-12-22 19:59:07.321324,0 days 00:00:11.949058,0.18,36,0.1,9,12,44,0.0,0.9518334248573788,2,0.0,2,COMPLETE
115,0.0,0.9243180762872736,2025-12-22 19:59:07.322747,2025-12-22 19:59:17.736345,0 days 00:00:10.413598,0.22,23,0.11,9,8,20,0.0,0.9243180762872736,2,0.0,2,COMPLETE
116,0.0,0.9139072582251275,2025-12-22 19:59:17.737860,2025-12-22 19:59:28.833928,0 days 00:00:11.096068,0.2,5,0.2,20,8,34,0.0,0.9139072582251275,2,0.0,2,COMPLETE
117,0.0,0.9516382994613205,2025-12-22 19:59:28.835735,2025-12-22 19:59:41.000601,0 days 00:00:12.164866,0.25,46,0.1,7,13,46,0.0,0.9516382994613205,2,0.0,2,COMPLETE
118,0.5827077155352901,0.5317841945689682,2025-12-22 19:59:41.001950,2025-12-22 19:59:52.080919,0 days 00:00:11.078969,0.25,14,0.05,7,12,23,0.5827077155352901,0.5317841945689682,35,0.18756218905472638,2,COMPLETE
119,0.0,0.8616362982764754,2025-12-22 19:59:52.082946,2025-12-22 20:00:02.454499,0 days 00:00:10.371553,0.18,37,0.1,7,13,11,0.0,0.8616362982764754,2,0.0,2,COMPLETE
