number,values_0,values_1,datetime_start,datetime_complete,duration,params_cluster_selection_epsilon,params_min_cluster_size,params_min_dist,params_min_samples,params_n_components,params_n_neighbors,user_attrs_ccc_score,user_attrs_dbcv_score,user_attrs_n_clusters,user_attrs_outlier_ratio,system_attrs_NSGAIISampler:generation,state
209,0.426332377600209,0.34624627847980427,2025-12-22 20:12:09.508716,2025-12-22 20:12:20.391611,0 days 00:00:10.882895,0.3,3,0.21,3,7,24,0.426332377600209,0.34624627847980427,81,0.17213930348258707,4,COMPLETE
210,0.5419198449201924,0.5113100361748061,2025-12-22 20:12:20.393406,2025-12-22 20:12:30.823100,0 days 00:00:10.429694,0.12,12,0.06,5,12,15,0.5419198449201924,0.5113100361748061,53,0.19651741293532338,4,COMPLETE
211,0.5481824621179742,0.469784262746283,2025-12-22 20:12:30.824925,2025-12-22 20:12:42.773010,0 days 00:00:11.948085,0.0,29,0.11,17,14,46,0.5481824621179742,0.469784262746283,15,0.36069651741293535,4,COMPLETE
212,0.0,0.45675598716991933,2025-12-22 20:12:42.774406,2025-12-22 20:12:54.863415,0 days 00:00:12.089009,0.06,14,0.24,19,14,42,0.0,0.45675598716991933,2,0.015422885572139304,4,COMPLETE
213,0.5521774165342047,0.5871218043909705,2025-12-22 20:12:54.865200,2025-12-22 20:13:04.409965,0 days 00:00:09.544765,0.01,20,0.07,16,8,12,0.5521774165342047,0.5871218043909705,29,0.32338308457711445,4,COMPLETE
214,0.7014661864371355,0.4236263202028899,2025-12-22 20:13:04.411712,2025-12-22 20:13:14.839828,0 days 00:00:10.428116,0.06,48,0.21,18,6,31,0.7014661864371355,0.4236263202028899,9,0.3427860696517413,4,COMPLETE
215,0.5434256887495807,0.4925930931572423,2025-12-22 20:13:14.867488,2025-12-22 20:13:26.910343,0 days 00:00:12.042855,0.11,16,0.2,14,14,46,0.5434256887495807,0.4925930931572423,21,0.3701492537313433,4,COMPLETE
216,0.0,0.4245981653938292,2025-12-22 20:13:26.912052,2025-12-22 20:13:38.188507,0 days 00:00:11.276455,0.23,14,0.19,15,14,23,0.0,0.4245981653938292,2,0.0,4,COMPLETE
217,0.5638416902219625,0.5130355952001855,2025-12-22 20:13:38.190201,2025-12-22 20:13:48.607914,0 days 00:00:10.417713,0.12,14,0.04,9,14,13,0.5638416902219625,0.5130355952001855,41,0.22338308457711442,4,COMPLETE
218,0.48049666630207594,0.5835052361827546,2025-12-22 20:13:48.609915,2025-12-22 20:13:58.895880,0 days 00:00:10.285965,0.11,2,0.06,15,14,12,0.48049666630207594,0.5835052361827546,44,0.3144278606965174,4,COMPLETE
219,0.8269448086205721,0.514285200469584,2025-12-22 20:13:58.897985,2025-12-22 20:14:10.169966,0 days 00:00:11.271981,0.29,17,0.2,11,14,22,0.8269448086205721,0.514285200469584,3,0.0,4,COMPLETE
220,0.5539639886733778,0.31628221811438945,2025-12-22 20:14:10.171248,2025-12-22 20:14:19.974832,0 days 00:00:09.803584,0.21,24,0.24,9,7,14,0.5539639886733778,0.31628221811438945,29,0.31393034825870647,4,COMPLETE
221,0.0,0.12928324564020222,2025-12-22 20:14:19.976784,2025-12-22 20:14:31.363585,0 days 00:00:11.386801,0.22,22,0.06,16,14,25,0.0,0.12928324564020222,2,0.0,4,COMPLETE
222,0.4870601692238848,0.5554839181596865,2025-12-22 20:14:31.365251,2025-12-22 20:14:41.471623,0 days 00:00:10.106372,0.08,2,0.18,9,11,11,0.4870601692238848,0.5554839181596865,71,0.36069651741293535,4,COMPLETE
223,0.49715456828145854,0.6516199437844129,2025-12-22 20:14:41.473357,2025-12-22 20:14:49.981779,0 days 00:00:08.508422,0.25,10,0.0,19,11,3,0.49715456828145854,0.6516199437844129,34,0.16517412935323383,4,COMPLETE
224,0.7276306510625382,0.3672567615186126,2025-12-22 20:14:49.983165,2025-12-22 20:14:59.955967,0 days 00:00:09.972802,0.2,44,0.2,11,6,22,0.7276306510625382,0.3672567615186126,10,0.3328358208955224,4,COMPLETE
225,0.7100324364217889,0.4452778781779402,2025-12-22 20:14:59.957618,2025-12-22 20:15:11.608270,0 days 00:00:11.650652,0.11,47,0.2,11,15,31,0.7100324364217889,0.4452778781779402,10,0.3338308457711443,4,COMPLETE
226,0.8249446208630905,0.4042942595679105,2025-12-22 20:15:11.609924,2025-12-22 20:15:21.326164,0 days 00:00:09.716240,0.12,2,0.23,15,8,11,0.8249446208630905,0.4042942595679105,3,0.0029850746268656717,4,COMPLETE
227,0.0,-0.276786021313452,2025-12-22 20:15:21.328056,2025-12-22 20:15:32.033379,0 days 00:00:10.705323,0.13,3,0.25,15,3,47,0.0,-0.276786021313452,2,0.0009950248756218905,4,COMPLETE
228,0.4784674072359487,0.5918940998602963,2025-12-22 20:15:32.034602,2025-12-22 20:15:42.357086,0 days 00:00:10.322484,0.21,2,0.3,16,11,18,0.4784674072359487,0.5918940998602963,32,0.44676616915422884,4,COMPLETE
229,0.6398322693883363,0.4122920777254947,2025-12-22 20:15:42.358340,2025-12-22 20:15:52.743977,0 days 00:00:10.385637,0.04,42,0.1,16,8,30,0.6398322693883363,0.4122920777254947,10,0.32139303482587067,4,COMPLETE
230,0.6030362926895455,0.5722407554241242,2025-12-22 20:15:52.745772,2025-12-22 20:16:01.387361,0 days 00:00:08.641589,0.06,32,0.05,16,10,4,0.6030362926895455,0.5722407554241242,21,0.1373134328358209,4,COMPLETE
231,0.8458483776196606,-0.11355351049809652,2025-12-22 20:16:01.389014,2025-12-22 20:16:12.445495,0 days 00:00:11.056481,0.08,14,0.21,15,7,34,0.8458483776196606,-0.11355351049809652,3,0.00845771144278607,4,COMPLETE
232,0.5258351915190904,0.546213461849406,2025-12-22 20:16:12.447290,2025-12-22 20:16:22.145810,0 days 00:00:09.698520,0.04,29,0.11,16,9,12,0.5258351915190904,0.546213461849406,16,0.22238805970149253,4,COMPLETE
233,0.8243195397671446,0.07860479637128946,2025-12-22 20:16:22.147767,2025-12-22 20:16:33.011742,0 days 00:00:10.863975,0.01,14,0.21,15,8,31,0.8243195397671446,0.07860479637128946,3,0.014427860696517412,4,COMPLETE
234,0.7338564685306357,0.47407791126662885,2025-12-22 20:16:33.013528,2025-12-22 20:16:44.834299,0 days 00:00:11.820771,0.19,50,0.22,15,14,42,0.7338564685306357,0.47407791126662885,8,0.3373134328358209,4,COMPLETE
235,0.5974048546820045,0.34849043728965595,2025-12-22 20:16:44.836008,2025-12-22 20:16:55.240042,0 days 00:00:10.404034,0.06,48,0.3,15,6,31,0.5974048546820045,0.34849043728965595,10,0.40746268656716417,4,COMPLETE
236,0.6864658254332991,-0.06788926502164994,2025-12-22 20:16:55.241873,2025-12-22 20:17:04.530215,0 days 00:00:09.288342,0.12,47,0.19,2,4,12,0.6864658254332991,-0.06788926502164994,11,0.13880597014925372,4,COMPLETE
237,0.0,0.20232271350894743,2025-12-22 20:17:04.531861,2025-12-22 20:17:15.633591,0 days 00:00:11.101730,0.06,12,0.24,19,6,42,0.0,0.20232271350894743,2,0.012437810945273632,4,COMPLETE
238,0.5169995765156347,0.6291463250173898,2025-12-22 20:17:15.635221,2025-12-22 20:17:24.356190,0 days 00:00:08.720969,0.21,10,0.18,16,12,4,0.5169995765156347,0.6291463250173898,30,0.27611940298507465,4,COMPLETE
239,0.8269448086205721,0.5181670785183855,2025-12-22 20:17:24.357626,2025-12-22 20:17:34.895747,0 days 00:00:10.538121,0.21,2,0.21,15,11,18,0.8269448086205721,0.5181670785183855,3,0.0,4,COMPLETE
240,0.63649165333815,0.45703092876926654,2025-12-22 20:17:34.897590,2025-12-22 20:17:44.234954,0 days 00:00:09.337364,0.2,36,0.16,14,13,7,0.63649165333815,0.45703092876926654,14,0.2537313432835821,4,COMPLETE
241,0.8245950852855517,0.35754999155179634,2025-12-22 20:17:44.236548,2025-12-22 20:17:55.153304,0 days 00:00:10.916756,0.25,3,0.18,10,11,24,0.8245950852855517,0.35754999155179634,3,0.0009950248756218905,4,COMPLETE
242,0.8452825497597842,-0.06785121364052056,2025-12-22 20:17:55.154682,2025-12-22 20:18:05.960479,0 days 00:00:10.805797,0.11,14,0.2,11,6,34,0.8452825497597842,-0.06785121364052056,3,0.0009950248756218905,4,COMPLETE
243,0.8251043134062207,0.32131092451776755,2025-12-22 20:18:05.961675,2025-12-22 20:18:16.879572,0 days 00:00:10.917897,0.21,3,0.21,15,11,24,0.8251043134062207,0.32131092451776755,3,0.003980099502487562,4,COMPLETE
244,0.5972047280226169,0.49737159411889786,2025-12-22 20:18:16.881406,2025-12-22 20:18:28.027441,0 days 00:00:11.146035,0.11,27,0.2,11,12,34,0.5972047280226169,0.49737159411889786,15,0.34676616915422886,4,COMPLETE
245,0.8594599311336539,-0.3169512777351452,2025-12-22 20:18:28.029231,2025-12-22 20:18:38.249283,0 days 00:00:10.220052,0.22,14,0.06,16,2,34,0.8594599311336539,-0.3169512777351452,3,0.0,4,COMPLETE
246,0.5190473452287307,0.49342677153330033,2025-12-22 20:18:38.251094,2025-12-22 20:18:48.114230,0 days 00:00:09.863136,0.12,14,0.15,9,7,14,0.5190473452287307,0.49342677153330033,37,0.2855721393034826,4,COMPLETE
247,0.5685687914296531,0.3386088953077268,2025-12-22 20:18:48.116039,2025-12-22 20:18:59.647657,0 days 00:00:11.531618,0.06,8,0.07,2,8,49,0.5685687914296531,0.3386088953077268,74,0.23781094527363184,4,COMPLETE
248,0.513763450788376,0.5537078349107809,2025-12-22 20:18:59.649426,2025-12-22 20:19:10.161208,0 days 00:00:10.511782,0.06,14,0.06,15,6,31,0.513763450788376,0.5537078349107809,30,0.32686567164179103,4,COMPLETE
249,0.48495972840555046,0.551712188726389,2025-12-22 20:19:10.162450,2025-12-22 20:19:20.829076,0 days 00:00:10.666626,0.25,2,0.18,9,11,18,0.48495972840555046,0.551712188726389,68,0.36716417910447763,4,COMPLETE
250,0.0,-0.44820848972597954,2025-12-22 20:19:20.830934,2025-12-22 20:19:30.705576,0 days 00:00:09.874642,0.25,41,0.19,10,2,24,0.0,-0.44820848972597954,2,0.02437810945273632,5,COMPLETE
251,0.0,0.25239650811765624,2025-12-22 20:19:30.706878,2025-12-22 20:19:40.943839,0 days 00:00:10.236961,0.08,20,0.18,18,4,24,0.0,0.25239650811765624,2,0.011940298507462687,5,COMPLETE
252,0.4364313328428677,0.6399706313768437,2025-12-22 20:19:40.945625,2025-12-22 20:19:49.546280,0 days 00:00:08.600655,0.25,20,0.0,19,8,3,0.4364313328428677,0.6399706313768437,32,0.15124378109452735,5,COMPLETE
253,0.8239054413706746,0.33568625679981867,2025-12-22 20:19:49.547732,2025-12-22 20:20:00.661504,0 days 00:00:11.113772,0.04,14,0.16,16,12,24,0.8239054413706746,0.33568625679981867,3,0.0014925373134328358,5,COMPLETE
254,0.42659425964038566,0.6587026554227777,2025-12-22 20:20:00.663508,2025-12-22 20:20:09.506871,0 days 00:00:08.843363,0.19,2,0.18,16,12,4,0.42659425964038566,0.6587026554227777,36,0.32686567164179103,5,COMPLETE
255,0.7019078877657456,0.2265647159090308,2025-12-22 20:20:09.508675,2025-12-22 20:20:19.836752,0 days 00:00:10.328077,0.12,43,0.19,7,8,23,0.7019078877657456,0.2265647159090308,10,0.2512437810945274,5,COMPLETE
256,0.5502913888507102,0.5688694222130438,2025-12-22 20:20:19.838096,2025-12-22 20:20:29.663394,0 days 00:00:09.825298,0.16,6,0.18,16,11,12,0.5502913888507102,0.5688694222130438,30,0.39502487562189054,5,COMPLETE
257,0.6682011397999937,0.5452769309872646,2025-12-22 20:20:29.665336,2025-12-22 20:20:38.053756,0 days 00:00:08.388420,0.11,10,0.18,18,8,3,0.6682011397999937,0.5452769309872646,17,0.1318407960199005,5,COMPLETE
258,0.5249498731133323,0.3003699436201878,2025-12-22 20:20:38.055484,2025-12-22 20:20:49.259446,0 days 00:00:11.203962,0.03,20,0.26,18,7,49,0.5249498731133323,0.3003699436201878,12,0.3502487562189055,5,COMPLETE
259,0.5278592916128445,0.19432916671367176,2025-12-22 20:20:49.261180,2025-12-22 20:20:59.889734,0 days 00:00:10.628554,0.08,38,0.03,7,4,49,0.5278592916128445,0.19432916671367176,15,0.21243781094527364,5,COMPLETE
260,0.5547565862219159,0.616414321313765,2025-12-22 20:20:59.891484,2025-12-22 20:21:08.809150,0 days 00:00:08.917666,0.11,2,0.05,16,13,4,0.5547565862219159,0.616414321313765,38,0.16766169154228855,5,COMPLETE
261,0.5293639718357428,0.5569615744628577,2025-12-22 20:21:08.810976,2025-12-22 20:21:18.867371,0 days 00:00:10.056395,0.08,22,0.01,15,14,11,0.5293639718357428,0.5569615744628577,29,0.24925373134328357,5,COMPLETE
262,0.4803470845599103,0.54855652412928,2025-12-22 20:21:18.869136,2025-12-22 20:21:29.009302,0 days 00:00:10.140166,0.11,2,0.18,11,6,18,0.4803470845599103,0.54855652412928,60,0.40696517412935324,5,COMPLETE
263,0.5562441960077538,0.4813245988873859,2025-12-22 20:21:29.011109,2025-12-22 20:21:39.713662,0 days 00:00:10.702553,0.21,26,0.21,11,14,18,0.5562441960077538,0.4813245988873859,17,0.27810945273631843,5,COMPLETE
264,0.5454382735382094,0.5300852841255034,2025-12-22 20:21:39.714851,2025-12-22 20:21:50.015638,0 days 00:00:10.300787,0.08,14,0.06,7,14,12,0.5454382735382094,0.5300852841255034,42,0.17761194029850746,5,COMPLETE
265,0.8594599311336539,-0.3169512777351452,2025-12-22 20:21:50.017434,2025-12-22 20:22:00.372065,0 days 00:00:10.354631,0.21,14,0.06,16,2,34,0.8594599311336539,-0.3169512777351452,3,0.0,5,COMPLETE
266,0.6175838494794966,0.4762719455528121,2025-12-22 20:22:00.373108,2025-12-22 20:22:11.884216,0 days 00:00:11.511108,0.25,38,0.06,16,11,49,0.6175838494794966,0.4762719455528121,12,0.3417910447761194,5,COMPLETE
267,0.5671299789993811,0.4326971522220367,2025-12-22 20:22:11.885825,2025-12-22 20:22:22.511936,0 days 00:00:10.626111,0.18,35,0.25,17,12,23,0.5671299789993811,0.4326971522220367,12,0.4373134328358209,5,COMPLETE
268,0.5084484818397299,0.5934909207333958,2025-12-22 20:22:22.513574,2025-12-22 20:22:32.780942,0 days 00:00:10.267368,0.21,3,0.09,9,11,14,0.5084484818397299,0.5934909207333958,64,0.2791044776119403,5,COMPLETE
269,0.6031141274215367,0.38473711754494194,2025-12-22 20:22:32.782945,2025-12-22 20:22:42.867516,0 days 00:00:10.084571,0.04,29,0.19,12,9,18,0.6031141274215367,0.38473711754494194,12,0.2308457711442786,5,COMPLETE
270,0.5439766337302729,0.46497243998550447,2025-12-22 20:22:42.868644,2025-12-22 20:22:54.470521,0 days 00:00:11.601877,0.0,38,0.03,19,12,49,0.5439766337302729,0.46497243998550447,12,0.3164179104477612,5,COMPLETE
271,0.5638416902219625,0.5130355952001855,2025-12-22 20:22:54.472247,2025-12-22 20:23:04.946708,0 days 00:00:10.474461,0.09,14,0.04,9,14,13,0.5638416902219625,0.5130355952001855,41,0.22338308457711442,5,COMPLETE
272,0.5251494641410055,0.5718876337599017,2025-12-22 20:23:04.948678,2025-12-22 20:23:15.078290,0 days 00:00:10.129612,0.12,3,0.16,9,7,14,0.5251494641410055,0.5718876337599017,67,0.336318407960199,5,COMPLETE
273,0.5837452223527304,0.49064906120822405,2025-12-22 20:23:15.080101,2025-12-22 20:23:23.871009,0 days 00:00:08.790908,0.01,14,0.16,12,3,7,0.5837452223527304,0.49064906120822405,36,0.31144278606965176,5,COMPLETE
274,0.5456423316564437,0.2516253874025828,2025-12-22 20:23:23.872819,2025-12-22 20:23:35.275447,0 days 00:00:11.402628,0.07,44,0.03,7,11,44,0.5456423316564437,0.2516253874025828,11,0.16716417910447762,5,COMPLETE
275,0.8269448086205721,0.46359863160494524,2025-12-22 20:23:35.277280,2025-12-22 20:23:46.152516,0 days 00:00:10.875236,0.21,17,0.13,11,11,22,0.8269448086205721,0.46359863160494524,3,0.0,5,COMPLETE
276,0.4849065723696361,0.2926826945765101,2025-12-22 20:23:46.154490,2025-12-22 20:23:57.535051,0 days 00:00:11.380561,0.12,14,0.19,2,14,24,0.4849065723696361,0.2926826945765101,46,0.25920398009950246,5,COMPLETE
277,0.42427636323028023,0.6002747525307219,2025-12-22 20:23:57.536882,2025-12-22 20:24:08.168499,0 days 00:00:10.631617,0.08,2,0.06,9,14,12,0.42427636323028023,0.6002747525307219,67,0.2512437810945274,5,COMPLETE
278,0.6112988387675299,0.48921665808609394,2025-12-22 20:24:08.170324,2025-12-22 20:24:18.823101,0 days 00:00:10.652777,0.12,38,0.06,19,8,34,0.6112988387675299,0.48921665808609394,13,0.3880597014925373,5,COMPLETE
279,0.8336582592350268,0.12962594939806082,2025-12-22 20:24:18.824895,2025-12-22 20:24:28.775429,0 days 00:00:09.950534,0.06,2,0.24,9,14,8,0.8336582592350268,0.12962594939806082,3,0.0,5,COMPLETE
280,0.47974825903651547,0.5657769289893093,2025-12-22 20:24:28.777243,2025-12-22 20:24:37.476701,0 days 00:00:08.699458,0.23,20,0.05,6,13,3,0.47974825903651547,0.5657769289893093,38,0.12736318407960198,5,COMPLETE
281,0.5703150953716284,0.44769563352418634,2025-12-22 20:24:37.478687,2025-12-22 20:24:46.787467,0 days 00:00:09.308780,0.24,38,0.11,6,11,7,0.5703150953716284,0.44769563352418634,21,0.22835820895522388,5,COMPLETE
282,0.5084484818397299,0.5934909207333958,2025-12-22 20:24:46.789080,2025-12-22 20:24:57.100008,0 days 00:00:10.310928,0.08,3,0.09,9,11,14,0.5084484818397299,0.5934909207333958,64,0.2791044776119403,5,COMPLETE
283,0.507270312504547,0.3718418802758203,2025-12-22 20:24:57.101813,2025-12-22 20:25:07.090984,0 days 00:00:09.989171,0.22,35,0.06,16,2,34,0.507270312504547,0.3718418802758203,15,0.3517412935323383,5,COMPLETE
284,0.0,0.48150093741809585,2025-12-22 20:25:07.092988,2025-12-22 20:25:17.651110,0 days 00:00:10.558122,0.03,20,0.26,18,7,22,0.0,0.48150093741809585,2,0.008955223880597015,5,COMPLETE
285,0.8875719781734257,-0.36086612487439373,2025-12-22 20:25:17.652435,2025-12-22 20:25:28.126652,0 days 00:00:10.474217,0.0,27,0.19,2,8,24,0.8875719781734257,-0.36086612487439373,3,0.024875621890547265,5,COMPLETE
286,0.49908915996685504,0.5590683347599217,2025-12-22 20:25:28.128516,2025-12-22 20:25:36.955955,0 days 00:00:08.827439,0.21,20,0.01,17,12,4,0.49908915996685504,0.5590683347599217,27,0.1417910447761194,5,COMPLETE
287,0.0,0.1530194613856733,2025-12-22 20:25:36.957844,2025-12-22 20:25:45.917042,0 days 00:00:08.959198,0.21,10,0.24,19,12,4,0.0,0.1530194613856733,2,0.015422885572139304,5,COMPLETE
288,0.8230300901503328,-0.26757351543659735,2025-12-22 20:25:45.918801,2025-12-22 20:25:56.359951,0 days 00:00:10.441150,0.09,13,0.21,15,4,31,0.8230300901503328,-0.26757351543659735,3,0.0024875621890547263,5,COMPLETE
289,0.49705169310026015,0.37273933251026986,2025-12-22 20:25:56.361414,2025-12-22 20:26:06.301176,0 days 00:00:09.939762,0.02,38,0.21,16,5,24,0.49705169310026015,0.37273933251026986,11,0.3611940298507463,5,COMPLETE
290,0.5932801740963034,0.4209696654134451,2025-12-22 20:26:06.303056,2025-12-22 20:26:18.275224,0 days 00:00:11.972168,0.1,28,0.23,11,14,47,0.5932801740963034,0.4209696654134451,17,0.45422885572139304,5,COMPLETE
291,0.8269448086205721,0.6681129992924271,2025-12-22 20:26:18.276908,2025-12-22 20:26:29.215442,0 days 00:00:10.938534,0.2,8,0.15,14,14,18,0.8269448086205721,0.6681129992924271,3,0.0,5,COMPLETE
292,0.0,0.018887378853162235,2025-12-22 20:26:29.216969,2025-12-22 20:26:39.071129,0 days 00:00:09.854160,0.12,38,0.18,9,14,8,0.0,0.018887378853162235,2,0.022885572139303482,5,COMPLETE
293,0.5344110049836993,0.36032443414273946,2025-12-22 20:26:39.072985,2025-12-22 20:26:48.625026,0 days 00:00:09.552041,0.11,28,0.02,6,8,12,0.5344110049836993,0.36032443414273946,24,0.16119402985074627,5,COMPLETE
294,0.5755404472282917,0.5518942355961435,2025-12-22 20:26:48.626274,2025-12-22 20:26:58.243191,0 days 00:00:09.616917,0.08,14,0.21,16,7,12,0.5755404472282917,0.5518942355961435,30,0.4039800995024876,5,COMPLETE
295,0.6281671083304605,0.6245457433673551,2025-12-22 20:26:58.244868,2025-12-22 20:27:06.743401,0 days 00:00:08.498533,0.08,34,0.06,18,13,3,0.6281671083304605,0.6245457433673551,16,0.18258706467661692,5,COMPLETE
296,0.5556816496003355,0.2686373812993618,2025-12-22 20:27:06.745135,2025-12-22 20:27:17.089929,0 days 00:00:10.344794,0.12,27,0.18,2,11,18,0.5556816496003355,0.2686373812993618,22,0.1681592039800995,5,COMPLETE
297,0.8461300517742921,0.09139580812183298,2025-12-22 20:27:17.091551,2025-12-22 20:27:28.188707,0 days 00:00:11.097156,0.09,13,0.24,15,11,29,0.8461300517742921,0.09139580812183298,3,0.016417910447761194,5,COMPLETE
298,0.4540620938095162,0.6224790900285488,2025-12-22 20:27:28.190471,2025-12-22 20:27:37.489284,0 days 00:00:09.298813,0.17,2,0.18,9,4,8,0.4540620938095162,0.6224790900285488,80,0.35572139303482586,5,COMPLETE
299,0.5076213382965743,0.5357827006654664,2025-12-22 20:27:37.491044,2025-12-22 20:27:45.904848,0 days 00:00:08.413804,0.21,24,0.04,18,11,3,0.5076213382965743,0.5357827006654664,21,0.15970149253731344,5,COMPLETE
